2025-04-08 20:43:37,994 - INFO - Found 705 images to process
2025-04-08 20:43:40,169 - INFO - Successfully preprocessed 215_image.jpg - Original: 1552x1552, Final: 1552x1552, Orientation: 0°
2025-04-08 20:43:40,937 - INFO - Successfully preprocessed 573_image.jpg - Original: 640x480, Final: 640x480, Orientation: 0°
2025-04-08 20:43:41,789 - INFO - Successfully preprocessed 391_image.jpeg - Original: 768x1024, Final: 1024x768, Orientation: 90°
2025-04-08 20:43:42,485 - INFO - Successfully preprocessed 144_image.jpg - Original: 768x1024, Final: 1024x768, Orientation: 90°
2025-04-08 20:43:43,025 - INFO - Successfully preprocessed 5_image.jpg - Original: 577x1024, Final: 1024x577, Orientation: 90°
2025-04-08 20:43:43,025 - INFO - Progress: 5/705 images processed
2025-04-08 20:43:43,743 - INFO - Successfully preprocessed 582_image.jpg - Original: 640x480, Final: 640x480, Orientation: 0°
2025-04-08 20:43:44,454 - INFO - Successfully preprocessed 42_image.jpeg - Original: 768x1024, Final: 1024x768, Orientation: 90°
2025-04-08 20:43:45,207 - INFO - Successfully preprocessed 17_image.jpeg - Original: 1599x1200, Final: 1599x1200, Orientation: 0°
2025-04-08 20:43:45,704 - INFO - Successfully preprocessed 149_image.jpg - Original: 512x1024, Final: 1024x512, Orientation: 90°
2025-04-08 20:43:46,774 - INFO - Successfully preprocessed 8_image.jpg - Original: 577x1024, Final: 1024x577, Orientation: 90°
2025-04-08 20:43:46,775 - INFO - Progress: 10/705 images processed
2025-04-08 20:43:48,122 - INFO - Successfully preprocessed 589_image.jpg - Original: 4032x3024, Final: 4032x3024, Orientation: 0°
2025-04-08 20:43:48,956 - INFO - Successfully preprocessed 138_image.jpg - Original: 864x1152, Final: 1152x864, Orientation: 90°
2025-04-08 20:43:50,479 - INFO - Successfully preprocessed 412_image.jpg - Original: 1598x898, Final: 1598x898, Orientation: 0°
2025-04-08 20:43:51,140 - INFO - Successfully preprocessed 575_image.jpg - Original: 640x480, Final: 640x480, Orientation: 0°
2025-04-08 20:43:51,855 - INFO - Successfully preprocessed 12_image.jpeg - Original: 1599x638, Final: 1599x638, Orientation: 0°
2025-04-08 20:43:53,107 - INFO - Successfully preprocessed 83_image.jpg - Original: 3024x4032, Final: 4032x3024, Orientation: 90°
2025-04-08 20:43:54,447 - INFO - Successfully preprocessed 584_image.jpg - Original: 4032x3024, Final: 4032x3024, Orientation: 0°
2025-04-08 20:43:55,843 - INFO - Successfully preprocessed 590_image.jpg - Original: 4032x3024, Final: 4032x3024, Orientation: 0°
2025-04-08 20:43:56,674 - INFO - Successfully preprocessed 488_image.jpeg - Original: 768x1024, Final: 1024x768, Orientation: 90°
2025-04-08 20:43:57,662 - INFO - Successfully preprocessed 697_image.jpeg - Original: 1024x768, Final: 1024x768, Orientation: 0°
2025-04-08 20:43:57,662 - INFO - Progress: 20/705 images processed
2025-04-08 20:43:58,375 - INFO - Successfully preprocessed 578_image.jpg - Original: 640x480, Final: 640x480, Orientation: 0°
2025-04-08 20:43:58,948 - INFO - Successfully preprocessed 674_image.jpeg - Original: 1149x306, Final: 1149x306, Orientation: 0°
2025-04-08 20:43:59,424 - INFO - Successfully preprocessed 702_image.jpeg - Original: 764x218, Final: 764x218, Orientation: 0°
2025-04-08 20:44:00,093 - INFO - Successfully preprocessed 673_image.jpeg - Original: 1149x286, Final: 1149x286, Orientation: 0°
2025-04-08 20:44:00,897 - INFO - Successfully preprocessed 214_image.jpg - Original: 3000x4000, Final: 4000x3000, Orientation: 90°
2025-04-08 20:44:01,755 - INFO - Successfully preprocessed 487_image.jpg - Original: 960x1280, Final: 1280x960, Orientation: 90°
2025-04-08 20:44:02,250 - INFO - Successfully preprocessed 705_image.jpeg - Original: 715x242, Final: 715x242, Orientation: 0°
2025-04-08 20:44:03,116 - INFO - Successfully preprocessed 4_image.jpg - Original: 577x1024, Final: 1024x577, Orientation: 90°
2025-04-08 20:44:04,887 - INFO - Successfully preprocessed 277_image.jpg - Original: 2448x3264, Final: 3264x2448, Orientation: 90°
2025-04-08 20:44:06,092 - INFO - Successfully preprocessed 15_image.jpeg - Original: 768x1024, Final: 1024x768, Orientation: 90°
2025-04-08 20:44:07,038 - INFO - Successfully preprocessed 662_image.jpeg - Original: 1024x768, Final: 1024x768, Orientation: 0°
2025-04-08 20:44:07,810 - INFO - Successfully preprocessed 583_image.jpg - Original: 640x480, Final: 640x480, Orientation: 0°
2025-04-08 20:44:08,476 - INFO - Successfully preprocessed 588_image.jpg - Original: 640x480, Final: 640x480, Orientation: 0°
2025-04-08 20:44:09,211 - INFO - Successfully preprocessed 294_image.jpg - Original: 1280x960, Final: 1280x960, Orientation: 0°
2025-04-08 20:44:10,561 - INFO - Successfully preprocessed 206_image.jpg - Original: 2322x4128, Final: 4128x2322, Orientation: 90°
2025-04-08 20:44:11,503 - INFO - Successfully preprocessed 698_image.jpeg - Original: 1024x768, Final: 1024x768, Orientation: 0°
2025-04-08 20:44:12,312 - INFO - Successfully preprocessed 574_image.jpg - Original: 640x480, Final: 640x480, Orientation: 0°
2025-04-08 20:44:13,475 - INFO - Successfully preprocessed 591_image.jpg - Original: 4032x3024, Final: 4032x3024, Orientation: 0°
2025-04-08 20:44:14,293 - INFO - Successfully preprocessed 676_image.jpeg - Original: 867x1156, Final: 1156x867, Orientation: 90°
2025-04-08 20:44:15,222 - INFO - Successfully preprocessed 585_image.jpg - Original: 640x480, Final: 640x480, Orientation: 0°
2025-04-08 20:44:15,222 - INFO - Progress: 40/705 images processed
2025-04-08 20:44:16,086 - INFO - Successfully preprocessed 579_image.jpg - Original: 640x480, Final: 640x480, Orientation: 0°
2025-04-08 20:44:16,888 - INFO - Successfully preprocessed 695_image.jpeg - Original: 1600x1200, Final: 1600x1200, Orientation: 0°
2025-04-08 20:44:17,711 - INFO - Successfully preprocessed 390_image.jpg - Original: 960x1280, Final: 1280x960, Orientation: 90°
2025-04-08 20:44:18,567 - INFO - Successfully preprocessed 146_image.jpg - Original: 1024x484, Final: 1024x484, Orientation: 0°
2025-04-08 20:44:19,344 - INFO - Successfully preprocessed 236_image.jpg - Original: 1280x437, Final: 1280x437, Orientation: 0°
2025-04-08 20:44:20,186 - INFO - Successfully preprocessed 678_image.jpeg - Original: 867x1156, Final: 1156x867, Orientation: 90°
2025-04-08 20:44:20,931 - INFO - Successfully preprocessed 580_image.jpg - Original: 640x480, Final: 640x480, Orientation: 0°
2025-04-08 20:44:22,383 - INFO - Successfully preprocessed 594_image.jpg - Original: 1024x768, Final: 1024x768, Orientation: 0°
2025-04-08 20:44:22,956 - INFO - Successfully preprocessed 675_image.jpeg - Original: 1146x323, Final: 1146x323, Orientation: 0°
2025-04-08 20:44:23,761 - INFO - Successfully preprocessed 381_image.jpg - Original: 576x1024, Final: 1024x576, Orientation: 90°
2025-04-08 20:44:24,757 - INFO - Successfully preprocessed 139_image.jpeg - Original: 768x1024, Final: 1024x768, Orientation: 90°
2025-04-08 20:44:25,530 - INFO - Successfully preprocessed 577_image.jpg - Original: 640x480, Final: 640x480, Orientation: 0°
2025-04-08 20:44:27,114 - INFO - Successfully preprocessed 425_image.jpg - Original: 1200x1600, Final: 1600x1200, Orientation: 90°
2025-04-08 20:44:28,470 - INFO - Successfully preprocessed 81_image.jpg - Original: 2160x3840, Final: 3840x2160, Orientation: 90°
2025-04-08 20:44:29,201 - INFO - Successfully preprocessed 159_image.jpg - Original: 1024x576, Final: 1024x576, Orientation: 0°
2025-04-08 20:44:30,027 - INFO - Successfully preprocessed 586_image.jpg - Original: 640x480, Final: 640x480, Orientation: 0°
2025-04-08 20:44:30,609 - INFO - Successfully preprocessed 592_image.jpg - Original: 640x480, Final: 640x480, Orientation: 0°
2025-04-08 20:44:31,493 - INFO - Successfully preprocessed 56_image.jpg - Original: 960x1280, Final: 1280x960, Orientation: 90°
2025-04-08 20:44:33,218 - INFO - Successfully preprocessed 598_image.JPG - Original: 1280x958, Final: 1280x958, Orientation: 0°
2025-04-08 20:44:34,195 - INFO - Successfully preprocessed 153_image.jpg - Original: 768x1024, Final: 1024x768, Orientation: 90°
2025-04-08 20:44:34,195 - INFO - Progress: 60/705 images processed
2025-04-08 20:44:34,916 - INFO - Successfully preprocessed 344_image.jpg - Original: 960x1280, Final: 1280x960, Orientation: 90°
2025-04-08 20:44:35,674 - INFO - Successfully preprocessed 216_image.jpg - Original: 1552x1552, Final: 1552x1552, Orientation: 0°
2025-04-08 20:44:37,217 - INFO - Successfully preprocessed 595_image.JPG - Original: 1280x958, Final: 1280x958, Orientation: 0°
2025-04-08 20:44:37,923 - INFO - Successfully preprocessed 677_image.jpeg - Original: 867x1156, Final: 1156x867, Orientation: 90°
2025-04-08 20:44:38,650 - INFO - Successfully preprocessed 581_image.jpg - Original: 640x480, Final: 640x480, Orientation: 0°
2025-04-08 20:44:39,195 - INFO - Successfully preprocessed 701_image.jpeg - Original: 767x186, Final: 767x186, Orientation: 0°
2025-04-08 20:44:40,121 - INFO - Successfully preprocessed 109_image.jpeg - Original: 1599x1200, Final: 1599x1200, Orientation: 0°
2025-04-08 20:44:41,793 - INFO - Successfully preprocessed 62_image.jpeg - Original: 768x1024, Final: 1024x768, Orientation: 90°
2025-04-08 20:44:42,295 - INFO - Successfully preprocessed 110_image.jpeg - Original: 759x166, Final: 759x166, Orientation: 0°
2025-04-08 20:44:43,132 - INFO - Successfully preprocessed 576_image.jpg - Original: 640x480, Final: 640x480, Orientation: 0°
2025-04-08 20:44:44,108 - INFO - Successfully preprocessed 210_image.jpg - Original: 3000x4000, Final: 4000x3000, Orientation: 90°
2025-04-08 20:44:45,066 - INFO - Successfully preprocessed 377_image.jpg - Original: 576x1024, Final: 1024x576, Orientation: 90°
2025-04-08 20:44:45,711 - INFO - Successfully preprocessed 593_image.jpg - Original: 640x496, Final: 640x496, Orientation: 0°
2025-04-08 20:44:46,598 - INFO - Successfully preprocessed 228_image.jpg - Original: 576x1024, Final: 1024x576, Orientation: 90°
2025-04-08 20:44:47,915 - INFO - Successfully preprocessed 587_image.jpg - Original: 4032x3024, Final: 4032x3024, Orientation: 0°
2025-04-08 20:44:49,208 - INFO - Successfully preprocessed 663_image.jpeg - Original: 1024x768, Final: 1024x768, Orientation: 0°
2025-04-08 20:44:49,742 - INFO - Successfully preprocessed 165_image.jpg - Original: 720x173, Final: 720x173, Orientation: 0°
2025-04-08 20:44:50,461 - INFO - Successfully preprocessed 353_image.jpg - Original: 960x1280, Final: 1280x960, Orientation: 90°
2025-04-08 20:44:51,013 - INFO - Successfully preprocessed 509_image.jpg - Original: 898x199, Final: 898x199, Orientation: 0°
2025-04-08 20:44:51,721 - INFO - Successfully preprocessed 435_image.jpg - Original: 576x1024, Final: 1024x576, Orientation: 90°
2025-04-08 20:44:51,722 - INFO - Progress: 80/705 images processed
2025-04-08 20:44:52,879 - INFO - Successfully preprocessed 692_image.jpeg - Original: 1024x768, Final: 1024x768, Orientation: 0°
2025-04-08 20:44:53,610 - INFO - Successfully preprocessed 329_image.jpg - Original: 960x1280, Final: 1280x960, Orientation: 90°
2025-04-08 20:44:54,192 - INFO - Successfully preprocessed 421_image.jpg - Original: 865x214, Final: 865x214, Orientation: 0°
2025-04-08 20:44:54,752 - INFO - Successfully preprocessed 567_image.jpg - Original: 1192x213, Final: 1192x213, Orientation: 0°
2025-04-08 20:44:55,543 - INFO - Successfully preprocessed 472_image.jpeg - Original: 768x1024, Final: 1024x768, Orientation: 90°
2025-04-08 20:44:56,151 - INFO - Successfully preprocessed 492_image.jpg - Original: 1000x750, Final: 1000x750, Orientation: 0°
2025-04-08 20:44:56,856 - INFO - Successfully preprocessed 638_image.jpeg - Original: 1600x1200, Final: 1600x1200, Orientation: 0°
2025-04-08 20:44:57,734 - INFO - Successfully preprocessed 400_image.jpg - Original: 900x1600, Final: 1600x900, Orientation: 90°
2025-04-08 20:44:58,312 - INFO - Successfully preprocessed 546_image.jpg - Original: 720x218, Final: 720x218, Orientation: 0°
2025-04-08 20:44:59,361 - INFO - Successfully preprocessed 87_image.jpeg - Original: 498x1024, Final: 1024x498, Orientation: 90°
2025-04-08 20:44:59,984 - INFO - Successfully preprocessed 88_image.jpg - Original: 1280x622, Final: 1280x622, Orientation: 0°
2025-04-08 20:45:00,835 - INFO - Successfully preprocessed 220_image.jpg - Original: 1200x1600, Final: 1600x1200, Orientation: 90°
2025-04-08 20:45:01,536 - INFO - Successfully preprocessed 150_image.jpg - Original: 768x1024, Final: 1024x768, Orientation: 90°
2025-04-08 20:45:02,253 - INFO - Successfully preprocessed 234_image.jpg - Original: 1170x584, Final: 1170x584, Orientation: 0°
2025-04-08 20:45:03,115 - INFO - Successfully preprocessed 671_image.jpeg - Original: 1024x768, Final: 1024x768, Orientation: 0°
2025-04-08 20:45:03,731 - INFO - Successfully preprocessed 287_image.jpg - Original: 816x612, Final: 816x612, Orientation: 0°
2025-04-08 20:45:04,299 - INFO - Successfully preprocessed 552_image.jpg - Original: 898x317, Final: 898x317, Orientation: 0°
2025-04-08 20:45:05,316 - INFO - Successfully preprocessed 624_image.jpeg - Original: 1600x1200, Final: 1600x1200, Orientation: 0°
2025-04-08 20:45:06,069 - INFO - Successfully preprocessed 308_image.jpg - Original: 960x1280, Final: 1280x960, Orientation: 90°
2025-04-08 20:45:07,055 - INFO - Successfully preprocessed 613_image.jpeg - Original: 1280x960, Final: 1280x960, Orientation: 0°
2025-04-08 20:45:07,056 - INFO - Progress: 100/705 images processed
2025-04-08 20:45:07,753 - INFO - Successfully preprocessed 414_image.jpg - Original: 1200x379, Final: 1200x379, Orientation: 0°
2025-04-08 20:45:08,564 - INFO - Successfully preprocessed 218_image.jpg - Original: 1552x1552, Final: 1552x1552, Orientation: 0°
2025-04-08 20:45:09,194 - INFO - Successfully preprocessed 504_image.jpg - Original: 1598x898, Final: 1598x898, Orientation: 0°
2025-04-08 20:45:09,820 - INFO - Successfully preprocessed 168_image.jpg - Original: 5632x1289, Final: 5632x1289, Orientation: 0°
2025-04-08 20:45:10,646 - INFO - Successfully preprocessed 442_image.jpg - Original: 576x1024, Final: 1024x576, Orientation: 90°
2025-04-08 20:45:11,444 - INFO - Successfully preprocessed 635_image.jpeg - Original: 1600x1200, Final: 1600x1200, Orientation: 0°
2025-04-08 20:45:12,210 - INFO - Successfully preprocessed 102_image.jpeg - Original: 576x1024, Final: 1024x576, Orientation: 90°
2025-04-08 20:45:12,998 - INFO - Successfully preprocessed 438_image.jpg - Original: 1024x768, Final: 1024x768, Orientation: 0°
2025-04-08 20:45:13,765 - INFO - Successfully preprocessed 657_image.jpeg - Original: 1024x768, Final: 1024x768, Orientation: 0°
2025-04-08 20:45:14,575 - INFO - Successfully preprocessed 96_image.jpeg - Original: 768x1024, Final: 1024x768, Orientation: 90°
2025-04-08 20:45:15,181 - INFO - Successfully preprocessed 510_image.jpg - Original: 1280x438, Final: 1280x438, Orientation: 0°
2025-04-08 20:45:15,860 - INFO - Successfully preprocessed 629_image.jpeg - Original: 1024x768, Final: 1024x768, Orientation: 0°
2025-04-08 20:45:16,698 - INFO - Successfully preprocessed 36_image.jpg - Original: 768x1024, Final: 1024x768, Orientation: 90°
2025-04-08 20:45:17,921 - INFO - Successfully preprocessed 477_image.jpg - Original: 720x1280, Final: 1280x720, Orientation: 90°
2025-04-08 20:45:18,522 - INFO - Successfully preprocessed 194_image.jpg - Original: 576x1024, Final: 1024x576, Orientation: 90°
2025-04-08 20:45:19,502 - INFO - Successfully preprocessed 401_image.jpeg - Original: 576x1024, Final: 1024x576, Orientation: 90°
2025-04-08 20:45:20,356 - INFO - Successfully preprocessed 363_image.jpeg - Original: 768x1024, Final: 1024x768, Orientation: 90°
2025-04-08 20:45:20,899 - INFO - Successfully preprocessed 531_image.jpg - Original: 1191x254, Final: 1191x254, Orientation: 0°
2025-04-08 20:45:22,559 - INFO - Successfully preprocessed 85_image.JPG - Original: 3024x4032, Final: 4032x3024, Orientation: 90°
2025-04-08 20:45:23,207 - INFO - Successfully preprocessed 525_image.jpg - Original: 1280x384, Final: 1280x384, Orientation: 0°
2025-04-08 20:45:23,208 - INFO - Progress: 120/705 images processed
2025-04-08 20:45:24,066 - INFO - Successfully preprocessed 239_image.jpg - Original: 960x494, Final: 960x494, Orientation: 0°
2025-04-08 20:45:25,282 - INFO - Successfully preprocessed 683_image.jpeg - Original: 1024x768, Final: 1024x768, Orientation: 0°
2025-04-08 20:45:26,523 - INFO - Successfully preprocessed 463_image.jpg - Original: 900x1600, Final: 1600x900, Orientation: 90°
2025-04-08 20:45:27,305 - INFO - Successfully preprocessed 22_image.jpg - Original: 768x1024, Final: 1024x768, Orientation: 90°
2025-04-08 20:45:28,192 - INFO - Successfully preprocessed 419_image.jpg - Original: 1600x1200, Final: 1600x1200, Orientation: 0°
2025-04-08 20:45:29,066 - INFO - Successfully preprocessed 305_image.jpg - Original: 960x1280, Final: 1280x960, Orientation: 90°
2025-04-08 20:45:30,009 - INFO - Successfully preprocessed 596_image.JPG - Original: 1280x958, Final: 1280x958, Orientation: 0°
2025-04-08 20:45:30,560 - INFO - Successfully preprocessed 243_image.jpg - Original: 1040x292, Final: 1040x292, Orientation: 0°
2025-04-08 20:45:31,216 - INFO - Successfully preprocessed 156_image.jpg - Original: 576x1024, Final: 1024x576, Orientation: 90°
2025-04-08 20:45:31,758 - INFO - Successfully preprocessed 226_image.jpg - Original: 392x816, Final: 816x392, Orientation: 90°
2025-04-08 20:45:32,464 - INFO - Successfully preprocessed 540_image.jpg - Original: 1173x349, Final: 1173x349, Orientation: 0°
2025-04-08 20:45:33,201 - INFO - Successfully preprocessed 295_image.jpg - Original: 1401x1296, Final: 1401x1296, Orientation: 0°
2025-04-08 20:45:34,109 - INFO - Successfully preprocessed 406_image.jpg - Original: 900x1600, Final: 1600x900, Orientation: 90°
2025-04-08 20:45:34,779 - INFO - Successfully preprocessed 3_image.jpg - Original: 577x1024, Final: 1024x577, Orientation: 90°
2025-04-08 20:45:35,524 - INFO - Successfully preprocessed 630_image.jpeg - Original: 1024x768, Final: 1024x768, Orientation: 0°
2025-04-08 20:45:36,187 - INFO - Successfully preprocessed 248_image.jpg - Original: 1280x298, Final: 1280x298, Orientation: 0°
2025-04-08 20:45:37,028 - INFO - Successfully preprocessed 607_image.jpeg - Original: 864x1536, Final: 1536x864, Orientation: 90°
2025-04-08 20:45:37,656 - INFO - Successfully preprocessed 318_image.jpeg - Original: 576x1024, Final: 1024x576, Orientation: 90°
2025-04-08 20:45:38,265 - INFO - Successfully preprocessed 554_image.jpg - Original: 1600x365, Final: 1600x365, Orientation: 0°
2025-04-08 20:45:39,061 - INFO - Successfully preprocessed 29_image.jpg - Original: 768x1024, Final: 1024x768, Orientation: 90°
2025-04-08 20:45:39,061 - INFO - Progress: 140/705 images processed
2025-04-08 20:45:39,769 - INFO - Successfully preprocessed 232_image.jpg - Original: 1600x1200, Final: 1600x1200, Orientation: 0°
2025-04-08 20:45:40,529 - INFO - Successfully preprocessed 652_image.jpeg - Original: 1600x1200, Final: 1600x1200, Orientation: 0°
2025-04-08 20:45:41,739 - INFO - Successfully preprocessed 107_image.jpeg - Original: 1024x768, Final: 1024x768, Orientation: 0°
2025-04-08 20:45:42,457 - INFO - Successfully preprocessed 374_image.jpg - Original: 576x1024, Final: 1024x576, Orientation: 90°
2025-04-08 20:45:43,291 - INFO - Successfully preprocessed 142_image.jpg - Original: 720x1280, Final: 1280x720, Orientation: 90°
2025-04-08 20:45:44,291 - INFO - Successfully preprocessed 468_image.jpg - Original: 960x1280, Final: 1280x960, Orientation: 90°
2025-04-08 20:45:45,074 - INFO - Successfully preprocessed 433_image.jpg - Original: 576x1024, Final: 1024x576, Orientation: 90°
2025-04-08 20:45:46,239 - INFO - Successfully preprocessed 686_image.jpeg - Original: 1600x1200, Final: 1600x1200, Orientation: 0°
2025-04-08 20:45:47,304 - INFO - Successfully preprocessed 399_image.jpeg - Original: 576x1024, Final: 1024x576, Orientation: 90°
2025-04-08 20:45:47,989 - INFO - Successfully preprocessed 269_image.jpg - Original: 598x1000, Final: 1000x598, Orientation: 90°
2025-04-08 20:45:49,934 - INFO - Successfully preprocessed 213_image.jpg - Original: 1552x1552, Final: 1552x1552, Orientation: 0°
2025-04-08 20:45:50,680 - INFO - Successfully preprocessed 163_image.jpg - Original: 960x190, Final: 960x190, Orientation: 0°
2025-04-08 20:45:51,503 - INFO - Successfully preprocessed 304_image.jpeg - Original: 576x1024, Final: 1024x576, Orientation: 90°
2025-04-08 20:45:52,289 - INFO - Successfully preprocessed 388_image.jpg - Original: 576x1024, Final: 1024x576, Orientation: 90°
2025-04-08 20:45:52,931 - INFO - Successfully preprocessed 494_image.jpg - Original: 392x816, Final: 816x392, Orientation: 90°
2025-04-08 20:45:53,760 - INFO - Successfully preprocessed 207_image.jpg - Original: 3000x4000, Final: 4000x3000, Orientation: 90°
2025-04-08 20:45:54,384 - INFO - Successfully preprocessed 404_image.jpeg - Original: 576x1024, Final: 1024x576, Orientation: 90°
2025-04-08 20:45:54,934 - INFO - Successfully preprocessed 561_image.jpg - Original: 1598x366, Final: 1598x366, Orientation: 0°
2025-04-08 20:45:56,039 - INFO - Successfully preprocessed 679_image.jpeg - Original: 1024x768, Final: 1024x768, Orientation: 0°
2025-04-08 20:45:57,578 - INFO - Successfully preprocessed 668_image.jpeg - Original: 1024x768, Final: 1024x768, Orientation: 0°
2025-04-08 20:45:57,579 - INFO - Progress: 160/705 images processed
2025-04-08 20:45:58,231 - INFO - Successfully preprocessed 322_image.jpeg - Original: 576x1024, Final: 1024x576, Orientation: 90°
2025-04-08 20:45:59,157 - INFO - Successfully preprocessed 298_image.jpg - Original: 1200x1600, Final: 1600x1200, Orientation: 90°
2025-04-08 20:45:59,931 - INFO - Successfully preprocessed 30_image.jpg - Original: 768x1024, Final: 1024x768, Orientation: 90°
2025-04-08 20:46:00,876 - INFO - Successfully preprocessed 24_image.jpg - Original: 768x1024, Final: 1024x768, Orientation: 90°
2025-04-08 20:46:01,459 - INFO - Successfully preprocessed 559_image.jpg - Original: 906x188, Final: 906x188, Orientation: 0°
2025-04-08 20:46:02,396 - INFO - Successfully preprocessed 245_image.jpg - Original: 1040x630, Final: 1040x630, Orientation: 0°
2025-04-08 20:46:03,252 - INFO - Successfully preprocessed 303_image.jpg - Original: 900x1600, Final: 1600x900, Orientation: 90°
2025-04-08 20:46:03,862 - INFO - Successfully preprocessed 523_image.jpg - Original: 1333x506, Final: 1333x506, Orientation: 0°
2025-04-08 20:46:04,418 - INFO - Successfully preprocessed 264_image.jpg - Original: 392x816, Final: 392x816, Orientation: 180°
2025-04-08 20:46:05,812 - INFO - Successfully preprocessed 409_image.jpeg - Original: 576x1024, Final: 1024x576, Orientation: 90°
2025-04-08 20:46:07,196 - INFO - Successfully preprocessed 643_image.jpeg - Original: 1156x867, Final: 1156x867, Orientation: 0°
2025-04-08 20:46:07,805 - INFO - Successfully preprocessed 114_image.jpg - Original: 720x1280, Final: 1280x720, Orientation: 90°
2025-04-08 20:46:08,664 - INFO - Successfully preprocessed 309_image.jpeg - Original: 768x1024, Final: 1024x768, Orientation: 90°
2025-04-08 20:46:09,719 - INFO - Successfully preprocessed 358_image.jpg - Original: 576x1024, Final: 1024x576, Orientation: 90°
2025-04-08 20:46:10,553 - INFO - Successfully preprocessed 616_image.jpeg - Original: 1280x720, Final: 1280x720, Orientation: 0°
2025-04-08 20:46:11,345 - INFO - Successfully preprocessed 143_image.jpeg - Original: 576x1024, Final: 1024x576, Orientation: 90°
2025-04-08 20:46:12,748 - INFO - Successfully preprocessed 621_image.jpeg - Original: 1600x1200, Final: 1600x1200, Orientation: 0°
2025-04-08 20:46:13,466 - INFO - Successfully preprocessed 516_image.jpg - Original: 1280x960, Final: 1280x960, Orientation: 0°
2025-04-08 20:46:14,142 - INFO - Successfully preprocessed 420_image.jpg - Original: 1280x453, Final: 1280x453, Orientation: 0°
2025-04-08 20:46:14,742 - INFO - Successfully preprocessed 493_image.jpg - Original: 1024x487, Final: 1024x487, Orientation: 0°
2025-04-08 20:46:14,742 - INFO - Progress: 180/705 images processed
2025-04-08 20:46:15,368 - INFO - Successfully preprocessed 508_image.jpg - Original: 1599x692, Final: 1599x692, Orientation: 0°
2025-04-08 20:46:16,218 - INFO - Successfully preprocessed 111_image.jpeg - Original: 1200x1599, Final: 1599x1200, Orientation: 90°
2025-04-08 20:46:17,307 - INFO - Successfully preprocessed 18_image.jpeg - Original: 1599x1200, Final: 1599x1200, Orientation: 0°
2025-04-08 20:46:17,928 - INFO - Successfully preprocessed 164_image.jpg - Original: 720x167, Final: 720x167, Orientation: 0°
2025-04-08 20:46:19,054 - INFO - Successfully preprocessed 644_image.jpeg - Original: 1156x867, Final: 1156x867, Orientation: 0°
2025-04-08 20:46:19,839 - INFO - Successfully preprocessed 434_image.jpg - Original: 576x1024, Final: 1024x576, Orientation: 90°
2025-04-08 20:46:20,707 - INFO - Successfully preprocessed 602_image.JPG - Original: 1280x958, Final: 1280x958, Orientation: 0°
2025-04-08 20:46:21,803 - INFO - Successfully preprocessed 611_image.jpeg - Original: 1280x960, Final: 1280x960, Orientation: 0°
2025-04-08 20:46:22,521 - INFO - Successfully preprocessed 572_image.jpg - Original: 683x176, Final: 683x176, Orientation: 0°
2025-04-08 20:46:23,301 - INFO - Successfully preprocessed 339_image.jpeg - Original: 768x1024, Final: 1024x768, Orientation: 90°
2025-04-08 20:46:23,867 - INFO - Successfully preprocessed 235_image.jpg - Original: 1600x451, Final: 1600x451, Orientation: 0°
2025-04-08 20:46:24,799 - INFO - Successfully preprocessed 529_image.jpg - Original: 1151x471, Final: 1151x471, Orientation: 0°
2025-04-08 20:46:25,555 - INFO - Successfully preprocessed 373_image.jpg - Original: 960x1280, Final: 1280x960, Orientation: 90°
2025-04-08 20:46:26,188 - INFO - Successfully preprocessed 145_image.jpg - Original: 1024x768, Final: 1024x768, Orientation: 0°
2025-04-08 20:46:26,841 - INFO - Successfully preprocessed 415_image.jpg - Original: 1200x354, Final: 1200x354, Orientation: 0°
2025-04-08 20:46:27,345 - INFO - Successfully preprocessed 553_image.jpg - Original: 898x251, Final: 898x251, Orientation: 0°
2025-04-08 20:46:27,876 - INFO - Successfully preprocessed 547_image.jpg - Original: 959x263, Final: 959x263, Orientation: 0°
2025-04-08 20:46:29,016 - INFO - Successfully preprocessed 658_image.jpeg - Original: 1024x768, Final: 1024x768, Orientation: 0°
2025-04-08 20:46:29,925 - INFO - Successfully preprocessed 151_image.jpg - Original: 1024x782, Final: 1024x782, Orientation: 0°
2025-04-08 20:46:30,881 - INFO - Successfully preprocessed 198_image.jpg - Original: 3000x4000, Final: 4000x3000, Orientation: 90°
2025-04-08 20:46:30,883 - INFO - Progress: 200/705 images processed
2025-04-08 20:46:31,841 - INFO - Successfully preprocessed 367_image.jpg - Original: 960x1280, Final: 1280x960, Orientation: 90°
2025-04-08 20:46:32,516 - INFO - Successfully preprocessed 221_image.jpg - Original: 1200x1600, Final: 1600x1200, Orientation: 90°
2025-04-08 20:46:33,426 - INFO - Successfully preprocessed 511_image.jpg - Original: 1544x629, Final: 1544x629, Orientation: 0°
2025-04-08 20:46:34,162 - INFO - Successfully preprocessed 457_image.jpg - Original: 900x1600, Final: 1600x900, Orientation: 90°
2025-04-08 20:46:34,838 - INFO - Successfully preprocessed 382_image.jpg - Original: 576x1024, Final: 1024x576, Orientation: 90°
2025-04-08 20:46:36,207 - INFO - Successfully preprocessed 649_image.jpeg - Original: 1600x1200, Final: 1600x1200, Orientation: 0°
2025-04-08 20:46:36,895 - INFO - Successfully preprocessed 169_image.jpg - Original: 5134x1024, Final: 5134x1024, Orientation: 0°
2025-04-08 20:46:37,651 - INFO - Successfully preprocessed 443_image.jpg - Original: 576x1024, Final: 1024x576, Orientation: 90°
2025-04-08 20:46:38,432 - INFO - Successfully preprocessed 681_image.jpeg - Original: 1024x768, Final: 1024x768, Orientation: 0°
2025-04-08 20:46:39,180 - INFO - Successfully preprocessed 219_image.jpg - Original: 1200x1600, Final: 1600x1200, Orientation: 90°
2025-04-08 20:46:39,790 - INFO - Successfully preprocessed 505_image.jpg - Original: 1280x325, Final: 1280x325, Orientation: 0°
2025-04-08 20:46:40,403 - INFO - Successfully preprocessed 263_image.jpg - Original: 1000x492, Final: 1000x492, Orientation: 0°
2025-04-08 20:46:41,055 - INFO - Successfully preprocessed 439_image.jpg - Original: 576x1024, Final: 1024x576, Orientation: 90°
2025-04-08 20:46:42,022 - INFO - Successfully preprocessed 90_image.jpg - Original: 780x1040, Final: 1040x780, Orientation: 90°
2025-04-08 20:46:43,786 - INFO - Successfully preprocessed 59_image.jpg - Original: 960x1280, Final: 1280x960, Orientation: 90°
2025-04-08 20:46:44,580 - INFO - Successfully preprocessed 328_image.jpeg - Original: 768x1024, Final: 1024x768, Orientation: 90°
2025-04-08 20:46:45,218 - INFO - Successfully preprocessed 148_image.jpg - Original: 768x1024, Final: 1024x768, Orientation: 90°
2025-04-08 20:46:46,750 - INFO - Successfully preprocessed 637_image.jpeg - Original: 1600x1200, Final: 1600x1200, Orientation: 0°
2025-04-08 20:46:47,401 - INFO - Successfully preprocessed 524_image.jpg - Original: 1297x551, Final: 1297x551, Orientation: 0°
2025-04-08 20:46:48,096 - INFO - Successfully preprocessed 238_image.jpg - Original: 1280x468, Final: 1280x468, Orientation: 0°
2025-04-08 20:46:48,096 - INFO - Progress: 220/705 images processed
2025-04-08 20:46:48,768 - INFO - Successfully preprocessed 23_image.jpg - Original: 1024x498, Final: 1024x498, Orientation: 0°
2025-04-08 20:46:49,572 - INFO - Successfully preprocessed 597_image.JPG - Original: 1280x958, Final: 1280x958, Orientation: 0°
2025-04-08 20:46:50,260 - INFO - Successfully preprocessed 137_image.jpeg - Original: 768x1024, Final: 1024x768, Orientation: 90°
2025-04-08 20:46:50,828 - INFO - Successfully preprocessed 242_image.jpg - Original: 1040x304, Final: 1040x304, Orientation: 0°
2025-04-08 20:46:51,881 - INFO - Successfully preprocessed 655_image.jpeg - Original: 1024x768, Final: 1024x768, Orientation: 0°
2025-04-08 20:46:52,495 - INFO - Successfully preprocessed 9_image.jpg - Original: 577x1024, Final: 1024x577, Orientation: 90°
2025-04-08 20:46:53,423 - INFO - Successfully preprocessed 100_image.jpeg - Original: 576x1024, Final: 1024x576, Orientation: 90°
2025-04-08 20:46:54,205 - INFO - Successfully preprocessed 310_image.jpg - Original: 960x1280, Final: 1280x960, Orientation: 90°
2025-04-08 20:46:55,091 - INFO - Successfully preprocessed 126_image.jpg - Original: 720x1280, Final: 1280x720, Orientation: 90°
2025-04-08 20:46:55,880 - INFO - Successfully preprocessed 37_image.jpg - Original: 768x1024, Final: 1024x768, Orientation: 90°
2025-04-08 20:46:56,475 - INFO - Successfully preprocessed 530_image.jpg - Original: 1280x293, Final: 1280x293, Orientation: 0°
2025-04-08 20:46:57,235 - INFO - Successfully preprocessed 195_image.jpg - Original: 768x1024, Final: 1024x768, Orientation: 90°
2025-04-08 20:46:57,766 - INFO - Successfully preprocessed 249_image.jpg - Original: 679x186, Final: 679x186, Orientation: 0°
2025-04-08 20:46:59,154 - INFO - Successfully preprocessed 280_image.jpg - Original: 1200x1600, Final: 1600x1200, Orientation: 90°
2025-04-08 20:47:00,186 - INFO - Successfully preprocessed 684_image.jpeg - Original: 1024x768, Final: 1024x768, Orientation: 0°
2025-04-08 20:47:00,727 - INFO - Successfully preprocessed 555_image.jpg - Original: 1439x339, Final: 1439x339, Orientation: 0°
2025-04-08 20:47:01,790 - INFO - Successfully preprocessed 2_image.jpg - Original: 960x1280, Final: 1280x960, Orientation: 90°
2025-04-08 20:47:02,473 - INFO - Successfully preprocessed 413_image.jpg - Original: 1280x960, Final: 1280x960, Orientation: 0°
2025-04-08 20:47:03,178 - INFO - Successfully preprocessed 28_image.jpg - Original: 768x1024, Final: 1024x768, Orientation: 90°
2025-04-08 20:47:03,868 - INFO - Successfully preprocessed 375_image.jpg - Original: 576x1024, Final: 1024x576, Orientation: 90°
2025-04-08 20:47:03,868 - INFO - Progress: 240/705 images processed
2025-04-08 20:47:04,526 - INFO - Successfully preprocessed 233_image.jpg - Original: 1600x1200, Final: 1600x1200, Orientation: 0°
2025-04-08 20:47:05,068 - INFO - Successfully preprocessed 227_image.jpg - Original: 392x816, Final: 816x392, Orientation: 90°
2025-04-08 20:47:05,784 - INFO - Successfully preprocessed 45_image.jpeg - Original: 768x1024, Final: 1024x768, Orientation: 90°
2025-04-08 20:47:06,446 - INFO - Successfully preprocessed 157_image.jpg - Original: 576x1024, Final: 1024x576, Orientation: 90°
2025-04-08 20:47:07,139 - INFO - Successfully preprocessed 619_image.jpeg - Original: 1600x1200, Final: 1600x1200, Orientation: 0°
2025-04-08 20:47:07,895 - INFO - Successfully preprocessed 541_image.jpg - Original: 720x1280, Final: 1280x720, Orientation: 90°
2025-04-08 20:47:08,508 - INFO - Successfully preprocessed 495_image.jpg - Original: 392x816, Final: 816x392, Orientation: 90°
2025-04-08 20:47:09,977 - INFO - Successfully preprocessed 176_image.jpg - Original: 768x1024, Final: 1024x768, Orientation: 90°
2025-04-08 20:47:10,646 - INFO - Successfully preprocessed 91_image.jpeg - Original: 576x1024, Final: 1024x576, Orientation: 90°
2025-04-08 20:47:11,179 - INFO - Successfully preprocessed 560_image.jpg - Original: 1598x340, Final: 1598x340, Orientation: 0°
2025-04-08 20:47:12,179 - INFO - Successfully preprocessed 268_image.jpg - Original: 1024x768, Final: 1024x768, Orientation: 0°
2025-04-08 20:47:12,840 - INFO - Successfully preprocessed 432_image.jpg - Original: 1024x576, Final: 1024x576, Orientation: 0°
2025-04-08 20:47:13,624 - INFO - Successfully preprocessed 632_image.jpeg - Original: 1024x768, Final: 1024x768, Orientation: 0°
2025-04-08 20:47:14,542 - INFO - Successfully preprocessed 448_image.jpg - Original: 576x1024, Final: 1024x576, Orientation: 90°
2025-04-08 20:47:15,274 - INFO - Successfully preprocessed 162_image.jpg - Original: 960x176, Final: 960x176, Orientation: 0°
2025-04-08 20:47:15,747 - INFO - Successfully preprocessed 481_image.jpg - Original: 959x203, Final: 959x203, Orientation: 0°
2025-04-08 20:47:16,534 - INFO - Successfully preprocessed 667_image.jpeg - Original: 1024x768, Final: 1024x768, Orientation: 0°
2025-04-08 20:47:17,579 - INFO - Successfully preprocessed 212_image.jpg - Original: 2322x4128, Final: 4128x2322, Orientation: 90°
2025-04-08 20:47:18,293 - INFO - Successfully preprocessed 650_image.jpeg - Original: 1600x1200, Final: 1600x1200, Orientation: 0°
2025-04-08 20:47:18,878 - INFO - Successfully preprocessed 641_image.jpeg - Original: 1156x867, Final: 1156x867, Orientation: 0°
2025-04-08 20:47:18,878 - INFO - Progress: 260/705 images processed
2025-04-08 20:47:19,451 - INFO - Successfully preprocessed 558_image.jpg - Original: 971x195, Final: 971x195, Orientation: 0°
2025-04-08 20:47:20,301 - INFO - Successfully preprocessed 244_image.jpg - Original: 768x1024, Final: 1024x768, Orientation: 90°
2025-04-08 20:47:20,923 - INFO - Successfully preprocessed 700_image.jpeg - Original: 1024x768, Final: 1024x768, Orientation: 0°
2025-04-08 20:47:21,537 - INFO - Successfully preprocessed 522_image.jpg - Original: 1474x464, Final: 1474x464, Orientation: 0°
2025-04-08 20:47:22,976 - INFO - Successfully preprocessed 141_image.jpeg - Original: 768x1024, Final: 1024x768, Orientation: 90°
2025-04-08 20:47:25,314 - INFO - Successfully preprocessed 187_image.jpg - Original: 768x1024, Final: 1024x768, Orientation: 90°
2025-04-08 20:47:26,454 - INFO - Successfully preprocessed 464_image.jpg - Original: 720x1280, Final: 1280x720, Orientation: 90°
2025-04-08 20:47:27,433 - INFO - Successfully preprocessed 469_image.jpeg - Original: 768x1024, Final: 1024x768, Orientation: 90°
2025-04-08 20:47:28,166 - INFO - Successfully preprocessed 470_image.jpg - Original: 720x1280, Final: 720x1280, Orientation: 0°
2025-04-08 20:47:28,936 - INFO - Successfully preprocessed 193_image.jpg - Original: 768x1024, Final: 1024x768, Orientation: 90°
2025-04-08 20:47:29,514 - INFO - Successfully preprocessed 536_image.jpg - Original: 1172x340, Final: 1172x340, Orientation: 0°
2025-04-08 20:47:31,856 - INFO - Successfully preprocessed 299_image.jpg - Original: 1200x1600, Final: 1600x1200, Orientation: 90°
2025-04-08 20:47:32,559 - INFO - Successfully preprocessed 250_image.jpg - Original: 1280x960, Final: 1280x960, Orientation: 0°
2025-04-08 20:47:33,332 - INFO - Successfully preprocessed 31_image.jpg - Original: 768x1024, Final: 1024x768, Orientation: 90°
2025-04-08 20:47:34,073 - INFO - Successfully preprocessed 451_image.jpg - Original: 1200x1600, Final: 1600x1200, Orientation: 90°
2025-04-08 20:47:34,743 - INFO - Successfully preprocessed 108_image.jpeg - Original: 1024x768, Final: 1024x768, Orientation: 0°
2025-04-08 20:47:35,377 - INFO - Successfully preprocessed 517_image.jpg - Original: 1280x324, Final: 1280x324, Orientation: 0°
2025-04-08 20:47:36,130 - INFO - Successfully preprocessed 608_image.jpeg - Original: 1280x960, Final: 1280x960, Orientation: 0°
2025-04-08 20:47:36,843 - INFO - Successfully preprocessed 101_image.jpg - Original: 720x1280, Final: 1280x720, Orientation: 90°
2025-04-08 20:47:37,743 - INFO - Successfully preprocessed 10_image.jpg - Original: 577x1024, Final: 577x1024, Orientation: 0°
2025-04-08 20:47:37,743 - INFO - Progress: 280/705 images processed
2025-04-08 20:47:38,339 - INFO - Successfully preprocessed 265_image.jpg - Original: 1024x576, Final: 1024x576, Orientation: 0°
2025-04-08 20:47:38,883 - INFO - Successfully preprocessed 503_image.jpg - Original: 999x329, Final: 999x329, Orientation: 0°
2025-04-08 20:47:40,333 - INFO - Successfully preprocessed 631_image.jpeg - Original: 1024x768, Final: 1024x768, Orientation: 0°
2025-04-08 20:47:40,823 - INFO - Successfully preprocessed 544_image.jpg - Original: 1599x364, Final: 1599x364, Orientation: 0°
2025-04-08 20:47:42,023 - INFO - Successfully preprocessed 606_image.jpeg - Original: 1536x864, Final: 1536x864, Orientation: 0°
2025-04-08 20:47:43,731 - INFO - Successfully preprocessed 291_image.jpg - Original: 1200x1600, Final: 1600x1200, Orientation: 90°
2025-04-08 20:47:44,514 - INFO - Successfully preprocessed 653_image.jpeg - Original: 1024x768, Final: 1024x768, Orientation: 0°
2025-04-08 20:47:45,184 - INFO - Successfully preprocessed 222_image.jpg - Original: 751x769, Final: 769x751, Orientation: 90°
2025-04-08 20:47:45,912 - INFO - Successfully preprocessed 664_image.jpeg - Original: 1024x768, Final: 1024x768, Orientation: 0°
2025-04-08 20:47:46,659 - INFO - Successfully preprocessed 152_image.jpg - Original: 768x1024, Final: 1024x768, Orientation: 90°
2025-04-08 20:47:47,886 - INFO - Successfully preprocessed 478_image.jpg - Original: 720x1280, Final: 1280x720, Orientation: 90°
2025-04-08 20:47:49,333 - INFO - Successfully preprocessed 106_image.jpeg - Original: 1024x768, Final: 1024x768, Orientation: 0°
2025-04-08 20:47:50,177 - INFO - Successfully preprocessed 57_image.jpg - Original: 960x1280, Final: 1280x960, Orientation: 90°
2025-04-08 20:47:51,100 - INFO - Successfully preprocessed 285_image.jpg - Original: 1200x1600, Final: 1600x1200, Orientation: 90°
2025-04-08 20:47:52,766 - INFO - Successfully preprocessed 599_image.JPG - Original: 1280x958, Final: 1280x958, Orientation: 0°
2025-04-08 20:47:53,339 - INFO - Successfully preprocessed 550_image.jpg - Original: 959x278, Final: 959x278, Orientation: 0°
2025-04-08 20:47:53,944 - INFO - Successfully preprocessed 7_image.jpg - Original: 577x1024, Final: 1024x577, Orientation: 90°
2025-04-08 20:47:54,665 - INFO - Successfully preprocessed 92_image.jpeg - Original: 768x1024, Final: 1024x768, Orientation: 90°
2025-04-08 20:47:55,454 - INFO - Successfully preprocessed 416_image.jpg - Original: 1000x313, Final: 1000x313, Orientation: 0°
2025-04-08 20:47:56,119 - INFO - Successfully preprocessed 76_image.jpg - Original: 1040x780, Final: 1040x780, Orientation: 0°
2025-04-08 20:47:56,119 - INFO - Progress: 300/705 images processed
2025-04-08 20:47:56,754 - INFO - Successfully preprocessed 167_image.jpg - Original: 5632x1425, Final: 5632x1425, Orientation: 0°
2025-04-08 20:47:57,770 - INFO - Successfully preprocessed 398_image.jpg - Original: 900x1600, Final: 1600x900, Orientation: 90°
2025-04-08 20:47:59,094 - INFO - Successfully preprocessed 450_image.jpeg - Original: 576x1024, Final: 1024x576, Orientation: 90°
2025-04-08 20:47:59,930 - INFO - Successfully preprocessed 217_image.jpg - Original: 1552x1552, Final: 1552x1552, Orientation: 0°
2025-04-08 20:48:00,695 - INFO - Successfully preprocessed 71_image.jpeg - Original: 768x1024, Final: 1024x768, Orientation: 90°
2025-04-08 20:48:01,319 - INFO - Successfully preprocessed 571_image.jpg - Original: 1053x219, Final: 1053x219, Orientation: 0°
2025-04-08 20:48:02,597 - INFO - Successfully preprocessed 405_image.jpeg - Original: 768x1024, Final: 1024x768, Orientation: 90°
2025-04-08 20:48:03,326 - INFO - Successfully preprocessed 437_image.jpg - Original: 576x1024, Final: 1024x576, Orientation: 90°
2025-04-08 20:48:04,081 - INFO - Successfully preprocessed 13_image.jpeg - Original: 1599x1200, Final: 1599x1200, Orientation: 0°
2025-04-08 20:48:04,873 - INFO - Successfully preprocessed 601_image.JPG - Original: 1280x958, Final: 1280x958, Orientation: 0°
2025-04-08 20:48:05,503 - INFO - Successfully preprocessed 350_image.jpeg - Original: 768x1024, Final: 1024x768, Orientation: 90°
2025-04-08 20:48:06,248 - INFO - Successfully preprocessed 423_image.jpg - Original: 1193x330, Final: 1193x330, Orientation: 0°
2025-04-08 20:48:08,062 - INFO - Successfully preprocessed 279_image.jpg - Original: 780x1040, Final: 1040x780, Orientation: 90°
2025-04-08 20:48:08,833 - INFO - Successfully preprocessed 687_image.jpeg - Original: 1600x1200, Final: 1600x1200, Orientation: 0°
2025-04-08 20:48:09,452 - INFO - Successfully preprocessed 565_image.jpg - Original: 1198x265, Final: 1198x265, Orientation: 0°
2025-04-08 20:48:10,173 - INFO - Successfully preprocessed 203_image.jpg - Original: 2322x4128, Final: 4128x2322, Orientation: 90°
2025-04-08 20:48:10,776 - INFO - Successfully preprocessed 490_image.jpg - Original: 1024x504, Final: 1024x504, Orientation: 0°
2025-04-08 20:48:12,034 - INFO - Successfully preprocessed 173_image.jpg - Original: 576x1024, Final: 1024x576, Orientation: 90°
2025-04-08 20:48:12,704 - INFO - Successfully preprocessed 549_image.jpg - Original: 898x266, Final: 898x266, Orientation: 0°
2025-04-08 20:48:13,630 - INFO - Successfully preprocessed 313_image.jpg - Original: 720x1280, Final: 1280x720, Orientation: 90°
2025-04-08 20:48:13,631 - INFO - Progress: 320/705 images processed
2025-04-08 20:48:14,340 - INFO - Successfully preprocessed 369_image.jpg - Original: 960x1280, Final: 1280x960, Orientation: 90°
2025-04-08 20:48:15,284 - INFO - Successfully preprocessed 475_image.jpg - Original: 960x1280, Final: 1280x960, Orientation: 90°
2025-04-08 20:48:15,864 - INFO - Successfully preprocessed 533_image.jpg - Original: 1414x267, Final: 1414x267, Orientation: 0°
2025-04-08 20:48:16,593 - INFO - Successfully preprocessed 527_image.jpg - Original: 1280x525, Final: 1280x525, Orientation: 0°
2025-04-08 20:48:17,341 - INFO - Successfully preprocessed 341_image.jpeg - Original: 768x1024, Final: 1024x768, Orientation: 90°
2025-04-08 20:48:17,984 - INFO - Successfully preprocessed 669_image.jpeg - Original: 1018x434, Final: 1018x434, Orientation: 0°
2025-04-08 20:48:19,668 - INFO - Successfully preprocessed 60_image.jpeg - Original: 768x1024, Final: 1024x768, Orientation: 90°
2025-04-08 20:48:20,579 - INFO - Successfully preprocessed 476_image.jpeg - Original: 768x1024, Final: 1024x768, Orientation: 90°
2025-04-08 20:48:21,011 - INFO - Successfully preprocessed 288_image.jpg - Original: 504x1024, Final: 504x1024, Orientation: 0°
2025-04-08 20:48:21,637 - INFO - Successfully preprocessed 241_image.jpg - Original: 960x265, Final: 960x265, Orientation: 0°
2025-04-08 20:48:22,570 - INFO - Successfully preprocessed 20_image.jpg - Original: 577x1024, Final: 1024x577, Orientation: 90°
2025-04-08 20:48:23,974 - INFO - Successfully preprocessed 489_image.jpg - Original: 1200x1600, Final: 1600x1200, Orientation: 90°
2025-04-08 20:48:24,642 - INFO - Successfully preprocessed 440_image.jpg - Original: 576x1024, Final: 1024x576, Orientation: 90°
2025-04-08 20:48:25,967 - INFO - Successfully preprocessed 260_image.jpg - Original: 1024x768, Final: 1024x768, Orientation: 0°
2025-04-08 20:48:26,563 - INFO - Successfully preprocessed 568_image.jpg - Original: 965x226, Final: 965x226, Orientation: 0°
2025-04-08 20:48:28,641 - INFO - Successfully preprocessed 274_image.jpg - Original: 1200x1600, Final: 1600x1200, Orientation: 90°
2025-04-08 20:48:29,394 - INFO - Successfully preprocessed 642_image.jpeg - Original: 867x1156, Final: 1156x867, Orientation: 90°
2025-04-08 20:48:29,983 - INFO - Successfully preprocessed 332_image.jpg - Original: 889x246, Final: 889x246, Orientation: 0°
2025-04-08 20:48:30,752 - INFO - Successfully preprocessed 348_image.jpg - Original: 960x1280, Final: 1280x960, Orientation: 90°
2025-04-08 20:48:31,940 - INFO - Successfully preprocessed 620_image.jpeg - Original: 1600x1200, Final: 1600x1200, Orientation: 0°
2025-04-08 20:48:31,940 - INFO - Progress: 340/705 images processed
2025-04-08 20:48:32,645 - INFO - Successfully preprocessed 512_image.jpg - Original: 1600x1200, Final: 1600x1200, Orientation: 0°
2025-04-08 20:48:33,381 - INFO - Successfully preprocessed 431_image.jpg - Original: 1024x576, Final: 1024x576, Orientation: 0°
2025-04-08 20:48:34,621 - INFO - Successfully preprocessed 473_image.jpeg - Original: 768x1024, Final: 1024x768, Orientation: 90°
2025-04-08 20:48:35,350 - INFO - Successfully preprocessed 211_image.jpg - Original: 3000x4000, Final: 3000x4000, Orientation: 180°
2025-04-08 20:48:36,145 - INFO - Successfully preprocessed 311_image.jpeg - Original: 768x1024, Final: 1024x768, Orientation: 90°
2025-04-08 20:48:36,912 - INFO - Successfully preprocessed 326_image.jpeg - Original: 1536x864, Final: 1536x864, Orientation: 0°
2025-04-08 20:48:37,851 - INFO - Successfully preprocessed 639_image.jpeg - Original: 1600x1200, Final: 1600x1200, Orientation: 0°
2025-04-08 20:48:38,436 - INFO - Successfully preprocessed 161_image.jpg - Original: 1599x382, Final: 1599x382, Orientation: 0°
2025-04-08 20:48:38,987 - INFO - Successfully preprocessed 357_image.jpg - Original: 995x224, Final: 995x224, Orientation: 0°
2025-04-08 20:48:39,776 - INFO - Successfully preprocessed 65_image.jpeg - Original: 768x1024, Final: 1024x768, Orientation: 90°
2025-04-08 20:48:40,416 - INFO - Successfully preprocessed 496_image.jpg - Original: 392x816, Final: 816x392, Orientation: 90°
2025-04-08 20:48:42,501 - INFO - Successfully preprocessed 175_image.jpg - Original: 1024x768, Final: 1024x768, Orientation: 0°
2025-04-08 20:48:43,322 - INFO - Successfully preprocessed 205_image.jpg - Original: 780x1040, Final: 1040x780, Orientation: 90°
2025-04-08 20:48:44,007 - INFO - Successfully preprocessed 519_image.jpg - Original: 1280x417, Final: 1280x417, Orientation: 0°
2025-04-08 20:48:44,583 - INFO - Successfully preprocessed 563_image.jpg - Original: 996x175, Final: 996x175, Orientation: 0°
2025-04-08 20:48:45,434 - INFO - Successfully preprocessed 125_image.jpeg - Original: 576x1024, Final: 1024x576, Orientation: 90°
2025-04-08 20:48:46,063 - INFO - Successfully preprocessed 154_image.jpg - Original: 1024x576, Final: 1024x576, Orientation: 0°
2025-04-08 20:48:46,885 - INFO - Successfully preprocessed 362_image.jpg - Original: 960x1280, Final: 1280x960, Orientation: 90°
2025-04-08 20:48:47,604 - INFO - Successfully preprocessed 670_image.jpeg - Original: 1024x768, Final: 1024x768, Orientation: 0°
2025-04-08 20:48:48,274 - INFO - Successfully preprocessed 538_image.jpg - Original: 4964x904, Final: 4964x904, Orientation: 0°
2025-04-08 20:48:48,275 - INFO - Progress: 360/705 images processed
2025-04-08 20:48:49,979 - INFO - Successfully preprocessed 224_image.jpg - Original: 1600x1200, Final: 1600x1200, Orientation: 0°
2025-04-08 20:48:50,663 - INFO - Successfully preprocessed 542_image.jpg - Original: 1006x451, Final: 1006x451, Orientation: 0°
2025-04-08 20:48:51,265 - INFO - Successfully preprocessed 297_image.jpg - Original: 792x1408, Final: 1408x792, Orientation: 90°
2025-04-08 20:48:52,410 - INFO - Successfully preprocessed 612_image.jpeg - Original: 1280x960, Final: 1280x960, Orientation: 0°
2025-04-08 20:48:53,236 - INFO - Successfully preprocessed 1_image.jpg - Original: 960x1280, Final: 1280x960, Orientation: 90°
2025-04-08 20:48:53,815 - INFO - Successfully preprocessed 410_image.jpg - Original: 1600x472, Final: 1600x472, Orientation: 0°
2025-04-08 20:48:54,529 - INFO - Successfully preprocessed 283_image.jpg - Original: 1200x1600, Final: 1600x1200, Orientation: 90°
2025-04-08 20:48:55,307 - INFO - Successfully preprocessed 86_image.jpeg - Original: 768x1024, Final: 1024x768, Orientation: 90°
2025-04-08 20:48:55,966 - INFO - Successfully preprocessed 556_image.jpg - Original: 1600x316, Final: 1600x316, Orientation: 0°
2025-04-08 20:48:56,752 - INFO - Successfully preprocessed 51_image.jpg - Original: 768x1024, Final: 1024x768, Orientation: 90°
2025-04-08 20:48:57,631 - INFO - Successfully preprocessed 230_image.jpg - Original: 1024x498, Final: 1024x498, Orientation: 0°
2025-04-08 20:48:58,466 - INFO - Successfully preprocessed 376_image.jpg - Original: 576x1024, Final: 1024x576, Orientation: 90°
2025-04-08 20:48:59,951 - INFO - Successfully preprocessed 140_image.jpg - Original: 864x1152, Final: 1152x864, Orientation: 90°
2025-04-08 20:49:02,096 - INFO - Successfully preprocessed 266_image.jpg - Original: 1024x768, Final: 1024x768, Orientation: 0°
2025-04-08 20:49:02,622 - INFO - Successfully preprocessed 500_image.jpg - Original: 1600x369, Final: 1600x369, Orientation: 0°
2025-04-08 20:49:03,373 - INFO - Successfully preprocessed 69_image.jpg - Original: 780x1040, Final: 1040x780, Orientation: 90°
2025-04-08 20:49:03,940 - INFO - Successfully preprocessed 514_image.jpg - Original: 976x245, Final: 976x245, Orientation: 0°
2025-04-08 20:49:05,296 - INFO - Successfully preprocessed 208_image.jpg - Original: 3000x4000, Final: 4000x3000, Orientation: 90°
2025-04-08 20:49:06,140 - INFO - Successfully preprocessed 634_image.jpeg - Original: 1600x1200, Final: 1600x1200, Orientation: 0°
2025-04-08 20:49:07,304 - INFO - Successfully preprocessed 178_image.jpg - Original: 576x1024, Final: 1024x576, Orientation: 90°
2025-04-08 20:49:07,304 - INFO - Progress: 380/705 images processed
2025-04-08 20:49:08,666 - INFO - Successfully preprocessed 661_image.jpeg - Original: 1024x768, Final: 1024x768, Orientation: 0°
2025-04-08 20:49:09,357 - INFO - Successfully preprocessed 428_image.jpg - Original: 5468x1186, Final: 5468x1186, Orientation: 0°
2025-04-08 20:49:10,068 - INFO - Successfully preprocessed 334_image.jpg - Original: 960x1280, Final: 1280x960, Orientation: 90°
2025-04-08 20:49:10,974 - INFO - Successfully preprocessed 349_image.jpeg - Original: 768x1024, Final: 1024x768, Orientation: 90°
2025-04-08 20:49:11,652 - INFO - Successfully preprocessed 48_image.jpg - Original: 768x1024, Final: 1024x768, Orientation: 90°
2025-04-08 20:49:12,592 - INFO - Successfully preprocessed 682_image.jpeg - Original: 1024x768, Final: 1024x768, Orientation: 0°
2025-04-08 20:49:13,389 - INFO - Successfully preprocessed 229_image.jpg - Original: 576x1024, Final: 1024x576, Orientation: 90°
2025-04-08 20:49:14,016 - INFO - Successfully preprocessed 535_image.jpg - Original: 1180x298, Final: 1180x298, Orientation: 0°
2025-04-08 20:49:14,850 - INFO - Successfully preprocessed 32_image.jpg - Original: 768x1024, Final: 1024x768, Orientation: 90°
2025-04-08 20:49:15,545 - INFO - Successfully preprocessed 315_image.jpg - Original: 720x1280, Final: 1280x720, Orientation: 90°
2025-04-08 20:49:16,212 - INFO - Successfully preprocessed 628_image.jpeg - Original: 1024x768, Final: 1024x768, Orientation: 0°
2025-04-08 20:49:17,268 - INFO - Successfully preprocessed 337_image.jpeg - Original: 768x1024, Final: 1024x768, Orientation: 90°
2025-04-08 20:49:18,058 - INFO - Successfully preprocessed 26_image.jpg - Original: 768x1024, Final: 1024x768, Orientation: 90°
2025-04-08 20:49:19,482 - INFO - Successfully preprocessed 184_image.jpg - Original: 768x1024, Final: 1024x768, Orientation: 90°
2025-04-08 20:49:20,308 - INFO - Successfully preprocessed 16_image.jpeg - Original: 1024x768, Final: 1024x768, Orientation: 0°
2025-04-08 20:49:20,905 - INFO - Successfully preprocessed 95_image.jpg - Original: 1241x290, Final: 1241x290, Orientation: 0°
2025-04-08 20:49:21,545 - INFO - Successfully preprocessed 237_image.jpg - Original: 1280x493, Final: 1280x493, Orientation: 0°
2025-04-08 20:49:22,690 - INFO - Successfully preprocessed 307_image.jpeg - Original: 768x1024, Final: 1024x768, Orientation: 90°
2025-04-08 20:49:23,614 - INFO - Successfully preprocessed 465_image.jpeg - Original: 576x1024, Final: 1024x576, Orientation: 90°
2025-04-08 20:49:24,373 - INFO - Successfully preprocessed 147_image.jpg - Original: 1024x768, Final: 1024x768, Orientation: 0°
2025-04-08 20:49:24,373 - INFO - Progress: 400/705 images processed
2025-04-08 20:49:25,483 - INFO - Successfully preprocessed 44_image.jpeg - Original: 768x1024, Final: 1024x768, Orientation: 90°
2025-04-08 20:49:26,293 - INFO - Successfully preprocessed 352_image.jpeg - Original: 768x1024, Final: 1024x768, Orientation: 90°
2025-04-08 20:49:27,023 - INFO - Successfully preprocessed 6_image.jpg - Original: 577x1024, Final: 1024x577, Orientation: 90°
2025-04-08 20:49:27,838 - INFO - Successfully preprocessed 417_image.jpg - Original: 1600x650, Final: 1600x650, Orientation: 0°
2025-04-08 20:49:28,574 - INFO - Successfully preprocessed 11_image.jpeg - Original: 1600x616, Final: 1600x616, Orientation: 0°
2025-04-08 20:49:29,257 - INFO - Successfully preprocessed 284_image.jpg - Original: 1200x1600, Final: 1600x1200, Orientation: 90°
2025-04-08 20:49:30,127 - INFO - Successfully preprocessed 407_image.jpeg - Original: 576x1024, Final: 1024x576, Orientation: 90°
2025-04-08 20:49:31,010 - INFO - Successfully preprocessed 685_image.jpeg - Original: 1024x768, Final: 1024x768, Orientation: 0°
2025-04-08 20:49:32,749 - INFO - Successfully preprocessed 259_image.jpg - Original: 1024x768, Final: 1024x768, Orientation: 0°
2025-04-08 20:49:33,403 - INFO - Successfully preprocessed 403_image.jpg - Original: 900x1600, Final: 1600x900, Orientation: 90°
2025-04-08 20:49:34,236 - INFO - Successfully preprocessed 38_image.jpg - Original: 768x1024, Final: 1024x768, Orientation: 90°
2025-04-08 20:49:34,799 - INFO - Successfully preprocessed 365_image.jpg - Original: 622x1280, Final: 1280x622, Orientation: 90°
2025-04-08 20:49:35,753 - INFO - Successfully preprocessed 278_image.jpg - Original: 2448x3264, Final: 3264x2448, Orientation: 90°
2025-04-08 20:49:36,373 - INFO - Successfully preprocessed 564_image.jpg - Original: 1502x313, Final: 1502x313, Orientation: 0°
2025-04-08 20:49:37,518 - INFO - Successfully preprocessed 479_image.jpeg - Original: 576x1024, Final: 1024x576, Orientation: 90°
2025-04-08 20:49:38,430 - INFO - Successfully preprocessed 633_image.jpeg - Original: 1600x1200, Final: 1600x1200, Orientation: 0°
2025-04-08 20:49:39,047 - INFO - Successfully preprocessed 422_image.jpg - Original: 1600x484, Final: 1600x484, Orientation: 0°
2025-04-08 20:49:39,607 - INFO - Successfully preprocessed 491_image.jpg - Original: 504x1024, Final: 504x1024, Orientation: 0°
2025-04-08 20:49:40,531 - INFO - Successfully preprocessed 172_image.jpg - Original: 576x1024, Final: 1024x576, Orientation: 90°
2025-04-08 20:49:41,199 - INFO - Successfully preprocessed 651_image.jpeg - Original: 1600x1200, Final: 1600x1200, Orientation: 0°
2025-04-08 20:49:41,200 - INFO - Progress: 420/705 images processed
2025-04-08 20:49:42,769 - INFO - Successfully preprocessed 202_image.jpg - Original: 1024x768, Final: 1024x768, Orientation: 0°
2025-04-08 20:49:43,376 - INFO - Successfully preprocessed 133_image.jpeg - Original: 576x1024, Final: 1024x576, Orientation: 90°
2025-04-08 20:49:43,995 - INFO - Successfully preprocessed 166_image.jpg - Original: 1040x262, Final: 1040x262, Orientation: 0°
2025-04-08 20:49:44,807 - INFO - Successfully preprocessed 699_image.jpeg - Original: 1024x768, Final: 1024x768, Orientation: 0°
2025-04-08 20:49:45,576 - INFO - Successfully preprocessed 436_image.jpg - Original: 576x1024, Final: 1024x576, Orientation: 90°
2025-04-08 20:49:46,430 - INFO - Successfully preprocessed 600_image.JPG - Original: 1280x958, Final: 1280x958, Orientation: 0°
2025-04-08 20:49:47,106 - INFO - Successfully preprocessed 183_image.jpg - Original: 1024x576, Final: 1024x576, Orientation: 0°
2025-04-08 20:49:48,245 - INFO - Successfully preprocessed 526_image.jpg - Original: 1242x580, Final: 1242x580, Orientation: 0°
2025-04-08 20:49:49,020 - INFO - Successfully preprocessed 688_image.jpeg - Original: 1600x1200, Final: 1600x1200, Orientation: 0°
2025-04-08 20:49:49,933 - INFO - Successfully preprocessed 306_image.jpg - Original: 960x1280, Final: 1280x960, Orientation: 90°
2025-04-08 20:49:50,514 - INFO - Successfully preprocessed 21_image.jpg - Original: 576x1024, Final: 1024x576, Orientation: 90°
2025-04-08 20:49:51,284 - INFO - Successfully preprocessed 35_image.jpg - Original: 768x1024, Final: 1024x768, Orientation: 90°
2025-04-08 20:49:52,001 - INFO - Successfully preprocessed 640_image.jpeg - Original: 1156x867, Final: 1156x867, Orientation: 0°
2025-04-08 20:49:53,277 - INFO - Successfully preprocessed 312_image.jpg - Original: 960x1280, Final: 1280x960, Orientation: 90°
2025-04-08 20:49:53,819 - INFO - Successfully preprocessed 548_image.jpg - Original: 720x210, Final: 720x210, Orientation: 0°
2025-04-08 20:49:54,799 - INFO - Successfully preprocessed 368_image.jpeg - Original: 768x1024, Final: 1024x768, Orientation: 90°
2025-04-08 20:49:55,429 - INFO - Successfully preprocessed 569_image.jpg - Original: 1112x222, Final: 1112x222, Orientation: 0°
2025-04-08 20:49:56,182 - INFO - Successfully preprocessed 275_image.jpg - Original: 1024x768, Final: 1024x768, Orientation: 0°
2025-04-08 20:49:56,715 - INFO - Successfully preprocessed 513_image.jpg - Original: 1038x228, Final: 1038x228, Orientation: 0°
2025-04-08 20:49:57,458 - INFO - Successfully preprocessed 441_image.jpg - Original: 576x1024, Final: 1024x576, Orientation: 90°
2025-04-08 20:49:57,459 - INFO - Progress: 440/705 images processed
2025-04-08 20:49:58,154 - INFO - Successfully preprocessed 343_image.jpeg - Original: 768x1024, Final: 1024x768, Orientation: 90°
2025-04-08 20:49:58,914 - INFO - Successfully preprocessed 609_image.jpeg - Original: 1280x960, Final: 1280x960, Orientation: 0°
2025-04-08 20:49:59,576 - INFO - Successfully preprocessed 261_image.jpg - Original: 1000x562, Final: 1000x562, Orientation: 0°
2025-04-08 20:50:00,726 - INFO - Successfully preprocessed 474_image.jpeg - Original: 576x1024, Final: 1024x576, Orientation: 90°
2025-04-08 20:50:01,420 - INFO - Successfully preprocessed 204_image.jpg - Original: 780x1040, Final: 1040x780, Orientation: 90°
2025-04-08 20:50:01,999 - INFO - Successfully preprocessed 672_image.jpeg - Original: 1017x338, Final: 1017x338, Orientation: 0°
2025-04-08 20:50:02,651 - INFO - Successfully preprocessed 518_image.jpg - Original: 1280x403, Final: 1280x403, Orientation: 0°
2025-04-08 20:50:03,748 - INFO - Successfully preprocessed 645_image.jpeg - Original: 1156x867, Final: 1156x867, Orientation: 0°
2025-04-08 20:50:04,433 - INFO - Successfully preprocessed 342_image.jpg - Original: 960x1280, Final: 1280x960, Orientation: 90°
2025-04-08 20:50:05,005 - INFO - Successfully preprocessed 497_image.jpg - Original: 922x248, Final: 922x248, Orientation: 0°
2025-04-08 20:50:05,632 - INFO - Successfully preprocessed 174_image.jpg - Original: 576x1024, Final: 1024x576, Orientation: 90°
2025-04-08 20:50:06,580 - INFO - Successfully preprocessed 127_image.jpeg - Original: 576x1024, Final: 1024x576, Orientation: 90°
2025-04-08 20:50:07,327 - INFO - Successfully preprocessed 19_image.jpeg - Original: 1200x1599, Final: 1599x1200, Orientation: 90°
2025-04-08 20:50:08,033 - INFO - Successfully preprocessed 610_image.jpeg - Original: 1280x960, Final: 1280x960, Orientation: 0°
2025-04-08 20:50:08,879 - INFO - Successfully preprocessed 338_image.jpg - Original: 960x1280, Final: 1280x960, Orientation: 90°
2025-04-08 20:50:09,419 - INFO - Successfully preprocessed 424_image.jpg - Original: 766x227, Final: 766x227, Orientation: 0°
2025-04-08 20:50:10,486 - INFO - Successfully preprocessed 627_image.jpeg - Original: 1024x768, Final: 1024x768, Orientation: 0°
2025-04-08 20:50:11,030 - INFO - Successfully preprocessed 562_image.jpg - Original: 1038x249, Final: 1038x249, Orientation: 0°
2025-04-08 20:50:11,987 - INFO - Successfully preprocessed 84_image.jpeg - Original: 768x1024, Final: 1024x768, Orientation: 90°
2025-04-08 20:50:12,553 - INFO - Successfully preprocessed 430_image.jpg - Original: 779x200, Final: 779x200, Orientation: 0°
2025-04-08 20:50:12,553 - INFO - Progress: 460/705 images processed
2025-04-08 20:50:14,250 - INFO - Successfully preprocessed 160_image.jpg - Original: 576x1024, Final: 1024x576, Orientation: 90°
2025-04-08 20:50:15,036 - INFO - Successfully preprocessed 392_image.jpeg - Original: 768x1024, Final: 1024x768, Orientation: 90°
2025-04-08 20:50:16,691 - INFO - Successfully preprocessed 282_image.jpg - Original: 1200x1600, Final: 1600x1200, Orientation: 90°
2025-04-08 20:50:17,297 - INFO - Successfully preprocessed 557_image.jpg - Original: 720x167, Final: 720x167, Orientation: 0°
2025-04-08 20:50:17,994 - INFO - Successfully preprocessed 411_image.jpg - Original: 1051x467, Final: 1051x467, Orientation: 0°
2025-04-08 20:50:18,668 - INFO - Successfully preprocessed 50_image.jpg - Original: 1024x768, Final: 1024x768, Orientation: 0°
2025-04-08 20:50:19,688 - INFO - Successfully preprocessed 99_image.jpg - Original: 720x1280, Final: 1280x720, Orientation: 90°
2025-04-08 20:50:20,351 - INFO - Successfully preprocessed 188_image.jpg - Original: 768x1024, Final: 1024x768, Orientation: 90°
2025-04-08 20:50:21,033 - INFO - Successfully preprocessed 231_image.jpg - Original: 1600x1200, Final: 1600x1200, Orientation: 0°
2025-04-08 20:50:22,356 - INFO - Successfully preprocessed 471_image.jpeg - Original: 576x1024, Final: 1024x576, Orientation: 90°
2025-04-08 20:50:22,917 - INFO - Successfully preprocessed 539_image.jpg - Original: 1280x290, Final: 1280x290, Orientation: 0°
2025-04-08 20:50:24,096 - INFO - Successfully preprocessed 225_image.jpg - Original: 3120x4160, Final: 4160x3120, Orientation: 90°
2025-04-08 20:50:25,016 - INFO - Successfully preprocessed 296_image.jpg - Original: 1200x1600, Final: 1600x1200, Orientation: 90°
2025-04-08 20:50:26,444 - INFO - Successfully preprocessed 179_image.jpg - Original: 768x1024, Final: 1024x768, Orientation: 90°
2025-04-08 20:50:27,469 - INFO - Successfully preprocessed 209_image.jpg - Original: 3000x4000, Final: 4000x3000, Orientation: 90°
2025-04-08 20:50:28,212 - INFO - Successfully preprocessed 680_image.jpeg - Original: 1024x768, Final: 1024x768, Orientation: 0°
2025-04-08 20:50:28,799 - INFO - Successfully preprocessed 89_image.jpeg - Original: 1024x498, Final: 1024x498, Orientation: 0°
2025-04-08 20:50:29,623 - INFO - Successfully preprocessed 103_image.jpg - Original: 780x718, Final: 780x718, Orientation: 0°
2025-04-08 20:50:30,124 - INFO - Successfully preprocessed 429_image.jpg - Original: 898x205, Final: 898x205, Orientation: 0°
2025-04-08 20:50:31,509 - INFO - Successfully preprocessed 267_image.jpg - Original: 768x1024, Final: 1024x768, Orientation: 90°
2025-04-08 20:50:31,510 - INFO - Progress: 480/705 images processed
2025-04-08 20:50:32,207 - INFO - Successfully preprocessed 335_image.jpeg - Original: 768x1024, Final: 1024x768, Orientation: 90°
2025-04-08 20:50:33,485 - INFO - Successfully preprocessed 402_image.jpeg - Original: 768x1024, Final: 1024x768, Orientation: 90°
2025-04-08 20:50:34,025 - INFO - Successfully preprocessed 501_image.jpg - Original: 1333x365, Final: 1333x365, Orientation: 0°
2025-04-08 20:50:35,553 - INFO - Successfully preprocessed 648_image.jpeg - Original: 1600x1200, Final: 1600x1200, Orientation: 0°
2025-04-08 20:50:36,358 - INFO - Successfully preprocessed 14_image.jpeg - Original: 1599x1200, Final: 1599x1200, Orientation: 0°
2025-04-08 20:50:37,054 - INFO - Successfully preprocessed 136_image.jpg - Original: 780x1040, Final: 1040x780, Orientation: 90°
2025-04-08 20:50:37,797 - INFO - Successfully preprocessed 27_image.jpg - Original: 768x1024, Final: 1024x768, Orientation: 90°
2025-04-08 20:50:38,380 - INFO - Successfully preprocessed 520_image.jpg - Original: 1359x446, Final: 1359x446, Orientation: 0°
2025-04-08 20:50:39,010 - INFO - Successfully preprocessed 466_image.jpg - Original: 720x1280, Final: 1280x720, Orientation: 90°
2025-04-08 20:50:39,781 - INFO - Successfully preprocessed 94_image.jpg - Original: 780x1040, Final: 1040x780, Orientation: 90°
2025-04-08 20:50:40,536 - INFO - Successfully preprocessed 49_image.jpg - Original: 768x1024, Final: 1024x768, Orientation: 90°
2025-04-08 20:50:41,262 - INFO - Successfully preprocessed 636_image.jpeg - Original: 1600x1200, Final: 1600x1200, Orientation: 0°
2025-04-08 20:50:43,115 - INFO - Successfully preprocessed 191_image.jpg - Original: 768x1024, Final: 1024x768, Orientation: 90°
2025-04-08 20:50:43,730 - INFO - Successfully preprocessed 534_image.jpg - Original: 1600x354, Final: 1600x354, Orientation: 0°
2025-04-08 20:50:44,594 - INFO - Successfully preprocessed 33_image.jpg - Original: 768x1024, Final: 1024x768, Orientation: 90°
2025-04-08 20:50:46,113 - INFO - Successfully preprocessed 408_image.jpg - Original: 900x1600, Final: 1600x900, Orientation: 90°
2025-04-08 20:50:47,087 - INFO - Successfully preprocessed 372_image.jpeg - Original: 768x1024, Final: 1024x768, Orientation: 90°
2025-04-08 20:50:47,845 - INFO - Successfully preprocessed 345_image.jpeg - Original: 768x1024, Final: 1024x768, Orientation: 90°
2025-04-08 20:50:48,870 - INFO - Successfully preprocessed 201_image.jpg - Original: 2322x4128, Final: 4128x2322, Orientation: 90°
2025-04-08 20:50:49,562 - INFO - Successfully preprocessed 53_image.jpeg - Original: 960x1280, Final: 1280x960, Orientation: 90°
2025-04-08 20:50:49,562 - INFO - Progress: 500/705 images processed
2025-04-08 20:50:50,278 - INFO - Successfully preprocessed 64_image.jpeg - Original: 768x1024, Final: 1024x768, Orientation: 90°
2025-04-08 20:50:51,614 - INFO - Successfully preprocessed 171_image.jpg - Original: 1024x768, Final: 1024x768, Orientation: 0°
2025-04-08 20:50:52,618 - INFO - Successfully preprocessed 327_image.jpeg - Original: 1536x864, Final: 1536x864, Orientation: 0°
2025-04-08 20:50:53,336 - INFO - Successfully preprocessed 293_image.jpg - Original: 960x1280, Final: 1280x960, Orientation: 90°
2025-04-08 20:50:54,093 - INFO - Successfully preprocessed 41_image.jpg - Original: 768x1024, Final: 1024x768, Orientation: 90°
2025-04-08 20:50:55,018 - INFO - Successfully preprocessed 199_image.jpg - Original: 3000x4000, Final: 4000x3000, Orientation: 90°
2025-04-08 20:50:56,067 - INFO - Successfully preprocessed 646_image.jpeg - Original: 1600x1200, Final: 1600x1200, Orientation: 0°
2025-04-08 20:50:56,784 - INFO - Successfully preprocessed 113_image.jpeg - Original: 768x1024, Final: 1024x768, Orientation: 90°
2025-04-08 20:50:57,398 - INFO - Successfully preprocessed 528_image.jpg - Original: 1280x352, Final: 1280x352, Orientation: 0°
2025-04-08 20:50:58,088 - INFO - Successfully preprocessed 78_image.jpeg - Original: 1024x768, Final: 1024x768, Orientation: 0°
2025-04-08 20:50:58,812 - INFO - Successfully preprocessed 79_image.jpg - Original: 959x1280, Final: 1280x959, Orientation: 90°
2025-04-08 20:50:59,566 - INFO - Successfully preprocessed 112_image.jpg - Original: 780x1040, Final: 1040x780, Orientation: 90°
2025-04-08 20:51:00,969 - INFO - Successfully preprocessed 660_image.jpeg - Original: 1024x768, Final: 1024x768, Orientation: 0°
2025-04-08 20:51:01,659 - INFO - Successfully preprocessed 262_image.jpg - Original: 1000x562, Final: 1000x562, Orientation: 0°
2025-04-08 20:51:02,420 - INFO - Successfully preprocessed 135_image.jpeg - Original: 768x1024, Final: 1024x768, Orientation: 90°
2025-04-08 20:51:03,208 - INFO - Successfully preprocessed 276_image.jpg - Original: 1024x768, Final: 1024x768, Orientation: 0°
2025-04-08 20:51:04,000 - INFO - Successfully preprocessed 383_image.jpg - Original: 576x1024, Final: 1024x576, Orientation: 90°
2025-04-08 20:51:04,607 - INFO - Successfully preprocessed 75_image.jpeg - Original: 1024x576, Final: 1024x576, Orientation: 0°
2025-04-08 20:51:05,556 - INFO - Successfully preprocessed 257_image.jpg - Original: 816x392, Final: 816x392, Orientation: 0°
2025-04-08 20:51:06,729 - INFO - Successfully preprocessed 336_image.jpeg - Original: 768x1024, Final: 1024x768, Orientation: 90°
2025-04-08 20:51:06,729 - INFO - Progress: 520/705 images processed
2025-04-08 20:51:07,716 - INFO - Successfully preprocessed 129_image.jpeg - Original: 768x1024, Final: 1024x768, Orientation: 90°
2025-04-08 20:51:09,298 - INFO - Successfully preprocessed 180_image.jpg - Original: 780x1040, Final: 1040x780, Orientation: 90°
2025-04-08 20:51:10,213 - INFO - Successfully preprocessed 47_image.jpg - Original: 768x1024, Final: 1024x768, Orientation: 90°
2025-04-08 20:51:10,864 - INFO - Successfully preprocessed 360_image.jpg - Original: 576x1024, Final: 1024x576, Orientation: 90°
2025-04-08 20:51:11,594 - INFO - Successfully preprocessed 93_image.jpeg - Original: 768x1024, Final: 1024x768, Orientation: 90°
2025-04-08 20:51:12,263 - INFO - Successfully preprocessed 281_image.jpg - Original: 1469x303, Final: 1469x303, Orientation: 0°
2025-04-08 20:51:13,052 - INFO - Successfully preprocessed 665_image.jpeg - Original: 1024x768, Final: 1024x768, Orientation: 0°
2025-04-08 20:51:14,489 - INFO - Successfully preprocessed 449_image.jpg - Original: 900x1600, Final: 1600x900, Orientation: 90°
2025-04-08 20:51:15,905 - INFO - Successfully preprocessed 480_image.jpg - Original: 960x1280, Final: 1280x960, Orientation: 90°
2025-04-08 20:51:16,605 - INFO - Successfully preprocessed 72_image.jpg - Original: 960x1280, Final: 1280x960, Orientation: 90°
2025-04-08 20:51:17,419 - INFO - Successfully preprocessed 66_image.jpg - Original: 720x1280, Final: 1280x720, Orientation: 90°
2025-04-08 20:51:18,943 - INFO - Successfully preprocessed 177_image.jpg - Original: 768x1024, Final: 1024x768, Orientation: 90°
2025-04-08 20:51:19,651 - INFO - Successfully preprocessed 70_image.jpeg - Original: 768x1024, Final: 1024x768, Orientation: 90°
2025-04-08 20:51:20,326 - INFO - Successfully preprocessed 333_image.jpeg - Original: 768x1024, Final: 1024x768, Orientation: 90°
2025-04-08 20:51:20,980 - INFO - Successfully preprocessed 366_image.jpeg - Original: 768x1024, Final: 1024x768, Orientation: 90°
2025-04-08 20:51:21,637 - INFO - Successfully preprocessed 427_image.jpg - Original: 5632x1125, Final: 5632x1125, Orientation: 0°
2025-04-08 20:51:22,453 - INFO - Successfully preprocessed 537_image.jpg - Original: 1280x388, Final: 1280x388, Orientation: 0°
2025-04-08 20:51:23,066 - INFO - Successfully preprocessed 192_image.jpg - Original: 1024x462, Final: 1024x462, Orientation: 0°
2025-04-08 20:51:23,758 - INFO - Successfully preprocessed 317_image.jpg - Original: 900x1600, Final: 1600x900, Orientation: 90°
2025-04-08 20:51:24,344 - INFO - Successfully preprocessed 121_image.jpg - Original: 720x1280, Final: 1280x720, Orientation: 90°
2025-04-08 20:51:24,344 - INFO - Progress: 540/705 images processed
2025-04-08 20:51:24,917 - INFO - Successfully preprocessed 251_image.jpg - Original: 1584x527, Final: 1584x527, Orientation: 0°
2025-04-08 20:51:25,515 - INFO - Successfully preprocessed 97_image.jpg - Original: 720x639, Final: 720x639, Orientation: 0°
2025-04-08 20:51:26,149 - INFO - Successfully preprocessed 186_image.jpg - Original: 768x1024, Final: 1024x768, Orientation: 90°
2025-04-08 20:51:26,928 - INFO - Successfully preprocessed 379_image.jpg - Original: 576x1024, Final: 1024x576, Orientation: 90°
2025-04-08 20:51:27,638 - INFO - Successfully preprocessed 444_image.jpg - Original: 576x1024, Final: 1024x576, Orientation: 90°
2025-04-08 20:51:28,275 - INFO - Successfully preprocessed 502_image.jpg - Original: 999x230, Final: 999x230, Orientation: 0°
2025-04-08 20:51:29,406 - INFO - Successfully preprocessed 82_image.jpeg - Original: 576x1024, Final: 1024x576, Orientation: 90°
2025-04-08 20:51:29,965 - INFO - Successfully preprocessed 499_image.jpg - Original: 959x316, Final: 959x316, Orientation: 0°
2025-04-08 20:51:30,804 - INFO - Successfully preprocessed 385_image.jpg - Original: 576x1024, Final: 1024x576, Orientation: 90°
2025-04-08 20:51:31,433 - INFO - Successfully preprocessed 270_image.jpg - Original: 1024x768, Final: 1024x768, Orientation: 0°
2025-04-08 20:51:32,031 - INFO - Successfully preprocessed 566_image.jpg - Original: 1600x362, Final: 1600x362, Orientation: 0°
2025-04-08 20:51:33,586 - INFO - Successfully preprocessed 61_image.jpg - Original: 960x1280, Final: 1280x960, Orientation: 90°
2025-04-08 20:51:34,262 - INFO - Successfully preprocessed 346_image.jpg - Original: 960x1280, Final: 1280x960, Orientation: 90°
2025-04-08 20:51:36,097 - INFO - Successfully preprocessed 170_image.jpg - Original: 768x1024, Final: 1024x768, Orientation: 90°
2025-04-08 20:51:37,109 - INFO - Successfully preprocessed 393_image.jpeg - Original: 768x1024, Final: 1024x768, Orientation: 90°
2025-04-08 20:51:38,097 - INFO - Successfully preprocessed 200_image.jpg - Original: 3000x4000, Final: 4000x3000, Orientation: 90°
2025-04-08 20:51:38,732 - INFO - Successfully preprocessed 626_image.jpeg - Original: 1200x1600, Final: 1600x1200, Orientation: 90°
2025-04-08 20:51:39,564 - INFO - Successfully preprocessed 54_image.jpg - Original: 957x1016, Final: 1016x957, Orientation: 90°
2025-04-08 20:51:40,139 - INFO - Successfully preprocessed 690_image.jpeg - Original: 1591x516, Final: 1591x516, Orientation: 0°
2025-04-08 20:51:40,899 - INFO - Successfully preprocessed 286_image.jpg - Original: 2448x3264, Final: 3264x2448, Orientation: 90°
2025-04-08 20:51:40,900 - INFO - Progress: 560/705 images processed
2025-04-08 20:51:41,752 - INFO - Successfully preprocessed 292_image.jpg - Original: 1200x1600, Final: 1600x1200, Orientation: 90°
2025-04-08 20:51:42,438 - INFO - Successfully preprocessed 347_image.jpeg - Original: 768x1024, Final: 1024x768, Orientation: 90°
2025-04-08 20:51:43,170 - INFO - Successfully preprocessed 370_image.jpeg - Original: 768x1024, Final: 1024x768, Orientation: 90°
2025-04-08 20:51:43,869 - INFO - Successfully preprocessed 40_image.jpg - Original: 768x1024, Final: 1024x768, Orientation: 90°
2025-04-08 20:51:44,797 - INFO - Successfully preprocessed 325_image.jpeg - Original: 1536x864, Final: 1536x864, Orientation: 0°
2025-04-08 20:51:45,503 - INFO - Successfully preprocessed 331_image.jpg - Original: 960x1280, Final: 1280x960, Orientation: 90°
2025-04-08 20:51:46,402 - INFO - Successfully preprocessed 456_image.jpeg - Original: 768x1024, Final: 1024x768, Orientation: 90°
2025-04-08 20:51:47,401 - INFO - Successfully preprocessed 396_image.jpg - Original: 960x1280, Final: 1280x960, Orientation: 90°
2025-04-08 20:51:48,045 - INFO - Successfully preprocessed 181_image.jpg - Original: 1024x576, Final: 1024x576, Orientation: 0°
2025-04-08 20:51:49,710 - INFO - Successfully preprocessed 418_image.jpg - Original: 1600x1200, Final: 1600x1200, Orientation: 0°
2025-04-08 20:51:50,282 - INFO - Successfully preprocessed 132_image.jpg - Original: 720x1280, Final: 1280x720, Orientation: 90°
2025-04-08 20:51:51,579 - INFO - Successfully preprocessed 256_image.jpg - Original: 750x1000, Final: 1000x750, Orientation: 90°
2025-04-08 20:51:52,808 - INFO - Successfully preprocessed 482_image.jpeg - Original: 768x1024, Final: 1024x768, Orientation: 90°
2025-04-08 20:51:53,551 - INFO - Successfully preprocessed 52_image.jpg - Original: 960x1009, Final: 1009x960, Orientation: 90°
2025-04-08 20:51:54,223 - INFO - Successfully preprocessed 453_image.jpeg - Original: 768x1024, Final: 1024x768, Orientation: 90°
2025-04-08 20:51:55,068 - INFO - Successfully preprocessed 361_image.jpg - Original: 576x1024, Final: 1024x576, Orientation: 90°
2025-04-08 20:51:55,617 - INFO - Successfully preprocessed 364_image.jpeg - Original: 498x1024, Final: 1024x498, Orientation: 90°
2025-04-08 20:51:56,871 - INFO - Successfully preprocessed 119_image.jpeg - Original: 768x1024, Final: 1024x768, Orientation: 90°
2025-04-08 20:51:57,646 - INFO - Successfully preprocessed 340_image.jpg - Original: 960x1280, Final: 1280x960, Orientation: 90°
2025-04-08 20:51:58,250 - INFO - Successfully preprocessed 426_image.jpg - Original: 5632x1064, Final: 5632x1064, Orientation: 0°
2025-04-08 20:51:58,250 - INFO - Progress: 580/705 images processed
2025-04-08 20:51:58,991 - INFO - Successfully preprocessed 605_image.jpeg - Original: 1536x864, Final: 1536x864, Orientation: 0°
2025-04-08 20:52:00,259 - INFO - Successfully preprocessed 118_image.jpg - Original: 864x1152, Final: 1152x864, Orientation: 90°
2025-04-08 20:52:01,191 - INFO - Successfully preprocessed 354_image.jpg - Original: 960x1001, Final: 1001x960, Orientation: 90°
2025-04-08 20:52:02,027 - INFO - Successfully preprocessed 105_image.jpeg - Original: 768x1024, Final: 1024x768, Orientation: 90°
2025-04-08 20:52:02,738 - INFO - Successfully preprocessed 73_image.jpg - Original: 960x1280, Final: 1280x960, Orientation: 90°
2025-04-08 20:52:03,540 - INFO - Successfully preprocessed 25_image.jpg - Original: 1024x768, Final: 1024x768, Orientation: 0°
2025-04-08 20:52:04,257 - INFO - Successfully preprocessed 134_image.jpg - Original: 960x686, Final: 960x686, Orientation: 0°
2025-04-08 20:52:04,843 - INFO - Successfully preprocessed 123_image.jpeg - Original: 576x1024, Final: 1024x576, Orientation: 90°
2025-04-08 20:52:06,150 - INFO - Successfully preprocessed 623_image.jpeg - Original: 1200x1600, Final: 1600x1200, Orientation: 90°
2025-04-08 20:52:06,858 - INFO - Successfully preprocessed 378_image.jpg - Original: 576x1024, Final: 1024x576, Orientation: 90°
2025-04-08 20:52:07,415 - INFO - Successfully preprocessed 614_image.jpeg - Original: 1280x720, Final: 1280x720, Orientation: 0°
2025-04-08 20:52:08,120 - INFO - Successfully preprocessed 80_image.jpeg - Original: 767x1024, Final: 1024x767, Orientation: 90°
2025-04-08 20:52:08,717 - INFO - Successfully preprocessed 689_image.jpeg - Original: 1591x688, Final: 1591x688, Orientation: 0°
2025-04-08 20:52:09,377 - INFO - Successfully preprocessed 498_image.jpg - Original: 1280x394, Final: 1280x394, Orientation: 0°
2025-04-08 20:52:10,179 - INFO - Successfully preprocessed 384_image.jpg - Original: 576x1024, Final: 1024x576, Orientation: 90°
2025-04-08 20:52:11,242 - INFO - Successfully preprocessed 271_image.jpg - Original: 768x1024, Final: 1024x768, Orientation: 90°
2025-04-08 20:52:11,961 - INFO - Successfully preprocessed 320_image.jpeg - Original: 576x1024, Final: 1024x576, Orientation: 90°
2025-04-08 20:52:12,653 - INFO - Successfully preprocessed 359_image.jpg - Original: 576x1024, Final: 1024x576, Orientation: 90°
2025-04-08 20:52:13,592 - INFO - Successfully preprocessed 445_image.jpg - Original: 576x1024, Final: 1024x576, Orientation: 90°
2025-04-08 20:52:14,631 - INFO - Successfully preprocessed 128_image.jpg - Original: 780x1040, Final: 1040x780, Orientation: 90°
2025-04-08 20:52:14,631 - INFO - Progress: 600/705 images processed
2025-04-08 20:52:15,679 - INFO - Successfully preprocessed 258_image.jpg - Original: 1024x768, Final: 1024x768, Orientation: 0°
2025-04-08 20:52:16,463 - INFO - Successfully preprocessed 39_image.jpg - Original: 768x1024, Final: 1024x768, Orientation: 90°
2025-04-08 20:52:18,082 - INFO - Successfully preprocessed 484_image.jpeg - Original: 768x1024, Final: 1024x768, Orientation: 90°
2025-04-08 20:52:18,717 - INFO - Successfully preprocessed 46_image.jpeg - Original: 960x1280, Final: 1280x960, Orientation: 90°
2025-04-08 20:52:19,337 - INFO - Successfully preprocessed 467_image.jpeg - Original: 576x1024, Final: 1024x576, Orientation: 90°
2025-04-08 20:52:20,464 - INFO - Successfully preprocessed 351_image.jpg - Original: 960x1280, Final: 1280x960, Orientation: 90°
2025-04-08 20:52:21,353 - INFO - Successfully preprocessed 459_image.jpg - Original: 900x1600, Final: 1600x900, Orientation: 90°
2025-04-08 20:52:22,337 - INFO - Successfully preprocessed 34_image.jpg - Original: 768x1024, Final: 1024x768, Orientation: 90°
2025-04-08 20:52:23,670 - INFO - Successfully preprocessed 255_image.jpg - Original: 750x1000, Final: 1000x750, Orientation: 90°
2025-04-08 20:52:24,819 - INFO - Successfully preprocessed 696_image.jpeg - Original: 1600x1200, Final: 1600x1200, Orientation: 0°
2025-04-08 20:52:25,566 - INFO - Successfully preprocessed 389_image.jpeg - Original: 768x1024, Final: 1024x768, Orientation: 90°
2025-04-08 20:52:26,479 - INFO - Successfully preprocessed 196_image.jpg - Original: 4000x3000, Final: 4000x3000, Orientation: 0°
2025-04-08 20:52:27,272 - INFO - Successfully preprocessed 182_image.jpg - Original: 1024x576, Final: 1024x576, Orientation: 0°
2025-04-08 20:52:27,868 - INFO - Successfully preprocessed 461_image.jpg - Original: 900x1600, Final: 1600x900, Orientation: 90°
2025-04-08 20:52:28,457 - INFO - Successfully preprocessed 131_image.jpg - Original: 720x1280, Final: 1280x720, Orientation: 90°
2025-04-08 20:52:29,158 - INFO - Successfully preprocessed 323_image.jpeg - Original: 1536x864, Final: 1536x864, Orientation: 0°
2025-04-08 20:52:29,865 - INFO - Successfully preprocessed 314_image.jpeg - Original: 576x1024, Final: 1024x576, Orientation: 90°
2025-04-08 20:52:31,428 - INFO - Successfully preprocessed 506_image.jpg - Original: 3088x1446, Final: 3088x1446, Orientation: 0°
2025-04-08 20:52:32,293 - INFO - Successfully preprocessed 395_image.jpeg - Original: 768x1024, Final: 1024x768, Orientation: 90°
2025-04-08 20:52:33,145 - INFO - Successfully preprocessed 117_image.jpeg - Original: 768x1024, Final: 1024x768, Orientation: 90°
2025-04-08 20:52:33,145 - INFO - Progress: 620/705 images processed
2025-04-08 20:52:33,708 - INFO - Successfully preprocessed 120_image.jpeg - Original: 576x1024, Final: 1024x576, Orientation: 90°
2025-04-08 20:52:34,331 - INFO - Successfully preprocessed 104_image.jpg - Original: 1313x313, Final: 1313x313, Orientation: 0°
2025-04-08 20:52:34,839 - INFO - Successfully preprocessed 703_image.jpeg - Original: 768x213, Final: 768x213, Orientation: 0°
2025-04-08 20:52:35,500 - INFO - Successfully preprocessed 454_image.jpg - Original: 1200x1600, Final: 1600x1200, Orientation: 90°
2025-04-08 20:52:36,374 - INFO - Successfully preprocessed 617_image.jpeg - Original: 1600x1200, Final: 1600x1200, Orientation: 0°
2025-04-08 20:52:37,543 - INFO - Successfully preprocessed 693_image.jpeg - Original: 1600x1200, Final: 1600x1200, Orientation: 0°
2025-04-08 20:52:38,525 - INFO - Successfully preprocessed 647_image.jpeg - Original: 1600x1200, Final: 1600x1200, Orientation: 0°
2025-04-08 20:52:39,534 - INFO - Successfully preprocessed 625_image.jpeg - Original: 1600x1200, Final: 1600x1200, Orientation: 0°
2025-04-08 20:52:40,295 - INFO - Successfully preprocessed 458_image.jpeg - Original: 576x1024, Final: 1024x576, Orientation: 90°
2025-04-08 20:52:40,913 - INFO - Successfully preprocessed 189_image.jpg - Original: 576x1024, Final: 1024x576, Orientation: 90°
2025-04-08 20:52:41,698 - INFO - Successfully preprocessed 116_image.jpg - Original: 780x1040, Final: 1040x780, Orientation: 90°
2025-04-08 20:52:42,531 - INFO - Successfully preprocessed 446_image.jpg - Original: 576x1024, Final: 1024x576, Orientation: 90°
2025-04-08 20:52:43,098 - INFO - Successfully preprocessed 603_image.jpeg - Original: 1536x864, Final: 1536x864, Orientation: 0°
2025-04-08 20:52:44,191 - INFO - Successfully preprocessed 387_image.jpg - Original: 576x1024, Final: 1024x576, Orientation: 90°
2025-04-08 20:52:45,008 - INFO - Successfully preprocessed 656_image.jpeg - Original: 1024x768, Final: 1024x768, Orientation: 0°
2025-04-08 20:52:46,060 - INFO - Successfully preprocessed 272_image.jpg - Original: 768x1024, Final: 1024x768, Orientation: 90°
2025-04-08 20:52:47,201 - INFO - Successfully preprocessed 289_image.jpeg - Original: 768x1024, Final: 1024x768, Orientation: 90°
2025-04-08 20:52:47,983 - INFO - Successfully preprocessed 190_image.jpg - Original: 768x1024, Final: 1024x768, Orientation: 90°
2025-04-08 20:52:49,038 - INFO - Successfully preprocessed 253_image.jpg - Original: 562x1000, Final: 1000x562, Orientation: 90°
2025-04-08 20:52:49,687 - INFO - Successfully preprocessed 247_image.jpg - Original: 1170x415, Final: 1170x415, Orientation: 0°
2025-04-08 20:52:49,688 - INFO - Progress: 640/705 images processed
2025-04-08 20:52:50,390 - INFO - Successfully preprocessed 74_image.jpeg - Original: 768x1024, Final: 1024x768, Orientation: 90°
2025-04-08 20:52:51,014 - INFO - Successfully preprocessed 462_image.jpeg - Original: 576x1024, Final: 1024x576, Orientation: 90°
2025-04-08 20:52:51,657 - INFO - Successfully preprocessed 43_image.jpeg - Original: 768x1024, Final: 1024x768, Orientation: 90°
2025-04-08 20:52:52,502 - INFO - Successfully preprocessed 300_image.jpeg - Original: 1024x498, Final: 1024x498, Orientation: 0°
2025-04-08 20:52:53,395 - INFO - Successfully preprocessed 301_image.jpg - Original: 960x1280, Final: 1280x960, Orientation: 90°
2025-04-08 20:52:54,629 - INFO - Successfully preprocessed 355_image.jpeg - Original: 768x1024, Final: 1024x768, Orientation: 90°
2025-04-08 20:52:55,244 - INFO - Successfully preprocessed 521_image.jpg - Original: 1280x359, Final: 1280x359, Orientation: 0°
2025-04-08 20:52:55,915 - INFO - Successfully preprocessed 452_image.jpeg - Original: 768x1024, Final: 1024x768, Orientation: 90°
2025-04-08 20:52:56,710 - INFO - Successfully preprocessed 330_image.jpeg - Original: 768x1024, Final: 1024x768, Orientation: 90°
2025-04-08 20:52:57,695 - INFO - Successfully preprocessed 618_image.jpeg - Original: 1600x1200, Final: 1600x1200, Orientation: 0°
2025-04-08 20:52:58,528 - INFO - Successfully preprocessed 371_image.jpg - Original: 960x1280, Final: 1280x960, Orientation: 90°
2025-04-08 20:52:59,123 - INFO - Successfully preprocessed 551_image.jpg - Original: 1284x281, Final: 1284x281, Orientation: 0°
2025-04-08 20:52:59,669 - INFO - Successfully preprocessed 545_image.jpg - Original: 1175x232, Final: 1175x232, Orientation: 0°
2025-04-08 20:53:00,481 - INFO - Successfully preprocessed 290_image.jpg - Original: 1200x1600, Final: 1600x1200, Orientation: 90°
2025-04-08 20:53:02,545 - INFO - Successfully preprocessed 223_image.jpg - Original: 1200x1600, Final: 1600x1200, Orientation: 90°
2025-04-08 20:53:03,572 - INFO - Successfully preprocessed 604_image.jpeg - Original: 1536x864, Final: 1536x864, Orientation: 0°
2025-04-08 20:53:04,348 - INFO - Successfully preprocessed 58_image.jpeg - Original: 768x1024, Final: 1024x768, Orientation: 90°
2025-04-08 20:53:05,291 - INFO - Successfully preprocessed 666_image.jpeg - Original: 1024x768, Final: 1024x768, Orientation: 0°
2025-04-08 20:53:05,997 - INFO - Successfully preprocessed 63_image.jpg - Original: 960x1280, Final: 1280x960, Orientation: 90°
2025-04-08 20:53:06,839 - INFO - Successfully preprocessed 77_image.jpg - Original: 768x1024, Final: 1024x768, Orientation: 90°
2025-04-08 20:53:06,839 - INFO - Progress: 660/705 images processed
2025-04-08 20:53:07,680 - INFO - Successfully preprocessed 485_image.jpg - Original: 960x1280, Final: 1280x960, Orientation: 90°
2025-04-08 20:53:08,237 - INFO - Successfully preprocessed 570_image.jpg - Original: 1333x244, Final: 1333x244, Orientation: 0°
2025-04-08 20:53:09,056 - INFO - Successfully preprocessed 486_image.jpeg - Original: 768x1024, Final: 1024x768, Orientation: 90°
2025-04-08 20:53:09,644 - INFO - Successfully preprocessed 240_image.jpg - Original: 1280x459, Final: 1280x459, Orientation: 0°
2025-04-08 20:53:10,622 - INFO - Successfully preprocessed 397_image.jpeg - Original: 768x1024, Final: 1024x768, Orientation: 90°
2025-04-08 20:53:11,878 - INFO - Successfully preprocessed 130_image.jpg - Original: 780x1040, Final: 1040x780, Orientation: 90°
2025-04-08 20:53:12,483 - INFO - Successfully preprocessed 124_image.jpg - Original: 720x1280, Final: 1280x720, Orientation: 90°
2025-04-08 20:53:13,408 - INFO - Successfully preprocessed 122_image.jpeg - Original: 576x1024, Final: 1024x576, Orientation: 90°
2025-04-08 20:53:14,708 - INFO - Successfully preprocessed 254_image.jpg - Original: 750x1000, Final: 1000x750, Orientation: 90°
2025-04-08 20:53:15,301 - INFO - Successfully preprocessed 115_image.jpeg - Original: 576x1024, Final: 1024x576, Orientation: 90°
2025-04-08 20:53:15,978 - INFO - Successfully preprocessed 622_image.jpeg - Original: 1536x864, Final: 1536x864, Orientation: 0°
2025-04-08 20:53:16,602 - INFO - Successfully preprocessed 532_image.jpg - Original: 1545x351, Final: 1545x351, Orientation: 0°
2025-04-08 20:53:17,305 - INFO - Successfully preprocessed 615_image.jpeg - Original: 1599x899, Final: 1599x899, Orientation: 0°
2025-04-08 20:53:18,309 - INFO - Successfully preprocessed 197_image.jpg - Original: 3000x4000, Final: 4000x3000, Orientation: 90°
2025-04-08 20:53:19,242 - INFO - Successfully preprocessed 455_image.jpg - Original: 780x1040, Final: 1040x780, Orientation: 90°
2025-04-08 20:53:19,998 - INFO - Successfully preprocessed 380_image.jpg - Original: 576x1024, Final: 1024x576, Orientation: 90°
2025-04-08 20:53:21,237 - INFO - Successfully preprocessed 694_image.jpeg - Original: 1600x1200, Final: 1600x1200, Orientation: 0°
2025-04-08 20:53:22,314 - INFO - Successfully preprocessed 394_image.jpg - Original: 960x1280, Final: 1280x960, Orientation: 90°
2025-04-08 20:53:23,653 - INFO - Successfully preprocessed 507_image.jpg - Original: 3088x3088, Final: 3088x3088, Orientation: 0°
2025-04-08 20:53:24,310 - INFO - Successfully preprocessed 316_image.jpeg - Original: 576x1024, Final: 1024x576, Orientation: 90°
2025-04-08 20:53:24,311 - INFO - Progress: 680/705 images processed
2025-04-08 20:53:25,119 - INFO - Successfully preprocessed 55_image.jpeg - Original: 960x1280, Final: 1280x960, Orientation: 90°
2025-04-08 20:53:25,614 - INFO - Successfully preprocessed 704_image.jpeg - Original: 711x257, Final: 711x257, Orientation: 0°
2025-04-08 20:53:27,202 - INFO - Successfully preprocessed 483_image.jpg - Original: 960x1280, Final: 1280x960, Orientation: 90°
2025-04-08 20:53:28,301 - INFO - Successfully preprocessed 356_image.jpg - Original: 960x1280, Final: 1280x960, Orientation: 90°
2025-04-08 20:53:28,974 - INFO - Successfully preprocessed 659_image.jpeg - Original: 1024x768, Final: 1024x768, Orientation: 0°
2025-04-08 20:53:29,737 - INFO - Successfully preprocessed 67_image.jpeg - Original: 576x1024, Final: 1024x576, Orientation: 90°
2025-04-08 20:53:30,628 - INFO - Successfully preprocessed 324_image.jpeg - Original: 1536x864, Final: 1536x864, Orientation: 0°
2025-04-08 20:53:31,282 - INFO - Successfully preprocessed 98_image.jpeg - Original: 576x1024, Final: 1024x576, Orientation: 90°
2025-04-08 20:53:31,870 - INFO - Successfully preprocessed 155_image.jpg - Original: 1024x576, Final: 1024x576, Orientation: 0°
2025-04-08 20:53:32,911 - INFO - Successfully preprocessed 691_image.jpeg - Original: 1024x768, Final: 1024x768, Orientation: 0°
2025-04-08 20:53:33,754 - INFO - Successfully preprocessed 319_image.jpg - Original: 900x1600, Final: 1600x900, Orientation: 90°
2025-04-08 20:53:34,334 - INFO - Successfully preprocessed 543_image.jpg - Original: 1599x355, Final: 1599x355, Orientation: 0°
2025-04-08 20:53:35,020 - INFO - Successfully preprocessed 68_image.jpg - Original: 780x1040, Final: 1040x780, Orientation: 90°
2025-04-08 20:53:35,980 - INFO - Successfully preprocessed 386_image.jpg - Original: 576x1024, Final: 1024x576, Orientation: 90°
2025-04-08 20:53:37,304 - INFO - Successfully preprocessed 515_image.jpg - Original: 1280x960, Final: 1280x960, Orientation: 0°
2025-04-08 20:53:38,046 - INFO - Successfully preprocessed 273_image.jpg - Original: 1024x768, Final: 1024x768, Orientation: 0°
2025-04-08 20:53:38,734 - INFO - Successfully preprocessed 321_image.jpg - Original: 900x1600, Final: 1600x900, Orientation: 90°
2025-04-08 20:53:39,609 - INFO - Successfully preprocessed 302_image.jpeg - Original: 768x1024, Final: 1024x768, Orientation: 90°
2025-04-08 20:53:40,448 - INFO - Successfully preprocessed 460_image.jpeg - Original: 576x1024, Final: 1024x576, Orientation: 90°
2025-04-08 20:53:41,109 - INFO - Successfully preprocessed 447_image.jpg - Original: 576x1024, Final: 1024x576, Orientation: 90°
2025-04-08 20:53:41,109 - INFO - Progress: 700/705 images processed
2025-04-08 20:53:41,720 - INFO - Successfully preprocessed 246_image.jpg - Original: 1296x338, Final: 1296x338, Orientation: 0°
2025-04-08 20:53:42,403 - INFO - Successfully preprocessed 185_image.jpg - Original: 768x1024, Final: 1024x768, Orientation: 90°
2025-04-08 20:53:43,105 - INFO - Successfully preprocessed 158_image.jpg - Original: 576x1024, Final: 1024x576, Orientation: 90°
2025-04-08 20:53:43,811 - INFO - Successfully preprocessed 654_image.jpeg - Original: 1024x768, Final: 1024x768, Orientation: 0°
2025-04-08 20:53:44,476 - INFO - Successfully preprocessed 252_image.jpg - Original: 1024x768, Final: 1024x768, Orientation: 0°
2025-04-08 20:53:44,477 - INFO - Preprocessing completed. Successfully processed 705/705 images
2025-04-08 20:53:44,477 - INFO - Images in Positive directory: 76
2025-04-08 20:53:44,478 - INFO - Images in Negative directory: 420
2025-04-08 20:53:44,478 - INFO - Images in Indeterminant directory: 209
